{"meta": {"format": 3, "version": "7.10.6", "timestamp": "2025-10-12T23:20:55.148902", "branch_coverage": false, "show_contexts": false}, "files": {"xaml_parser\\__init__.py": {"executed_lines": [1, 18, 19, 21, 22, 23, 24, 31, 32, 42, 43, 44, 45, 46, 47, 50, 112, 124, 140, 155], "summary": {"covered_lines": 19, "num_statements": 26, "percent_covered": 73.07692307692308, "percent_covered_display": "73", "missing_lines": 7, "excluded_lines": 0}, "missing_lines": [121, 134, 136, 137, 150, 151, 157], "excluded_lines": [], "functions": {"create_parser": {"executed_lines": [], "summary": {"covered_lines": 0, "num_statements": 1, "percent_covered": 0.0, "percent_covered_display": "0", "missing_lines": 1, "excluded_lines": 0}, "missing_lines": [121], "excluded_lines": []}, "parse_xaml_file": {"executed_lines": [], "summary": {"covered_lines": 0, "num_statements": 3, "percent_covered": 0.0, "percent_covered_display": "0", "missing_lines": 3, "excluded_lines": 0}, "missing_lines": [134, 136, 137], "excluded_lines": []}, "parse_xaml_content": {"executed_lines": [], "summary": {"covered_lines": 0, "num_statements": 2, "percent_covered": 0.0, "percent_covered_display": "0", "missing_lines": 2, "excluded_lines": 0}, "missing_lines": [150, 151], "excluded_lines": []}, "get_package_info": {"executed_lines": [], "summary": {"covered_lines": 0, "num_statements": 1, "percent_covered": 0.0, "percent_covered_display": "0", "missing_lines": 1, "excluded_lines": 0}, "missing_lines": [157], "excluded_lines": []}, "": {"executed_lines": [1, 18, 19, 21, 22, 23, 24, 31, 32, 42, 43, 44, 45, 46, 47, 50, 112, 124, 140, 155], "summary": {"covered_lines": 19, "num_statements": 19, "percent_covered": 100.0, "percent_covered_display": "100", "missing_lines": 0, "excluded_lines": 0}, "missing_lines": [], "excluded_lines": []}}, "classes": {"": {"executed_lines": [1, 18, 19, 21, 22, 23, 24, 31, 32, 42, 43, 44, 45, 46, 47, 50, 112, 124, 140, 155], "summary": {"covered_lines": 19, "num_statements": 26, "percent_covered": 73.07692307692308, "percent_covered_display": "73", "missing_lines": 7, "excluded_lines": 0}, "missing_lines": [121, 134, 136, 137, 150, 151, 157], "excluded_lines": []}}}, "xaml_parser\\__version__.py": {"executed_lines": [1, 3, 4, 5], "summary": {"covered_lines": 3, "num_statements": 3, "percent_covered": 100.0, "percent_covered_display": "100", "missing_lines": 0, "excluded_lines": 0}, "missing_lines": [], "excluded_lines": [], "functions": {"": {"executed_lines": [1, 3, 4, 5], "summary": {"covered_lines": 3, "num_statements": 3, "percent_covered": 100.0, "percent_covered_display": "100", "missing_lines": 0, "excluded_lines": 0}, "missing_lines": [], "excluded_lines": []}}, "classes": {"": {"executed_lines": [1, 3, 4, 5], "summary": {"covered_lines": 3, "num_statements": 3, "percent_covered": 100.0, "percent_covered_display": "100", "missing_lines": 0, "excluded_lines": 0}, "missing_lines": [], "excluded_lines": []}}}, "xaml_parser\\analyzer.py": {"executed_lines": [1, 9, 10, 12, 13, 15, 18, 19, 20, 40, 41, 42, 43, 46, 47, 48, 51, 52, 53, 54, 55, 57, 59, 61, 63, 65, 67, 68, 69, 72, 74, 77, 78, 79, 81, 84, 85, 86, 87, 88, 89, 90, 91, 92, 93, 94, 97, 98, 99, 100, 101, 102, 103, 104, 105, 106, 107, 109, 111, 113, 115, 117, 120, 121, 127, 146, 147, 148, 149, 152, 153, 154, 156, 159, 160, 161, 164, 165, 168, 169, 170, 171, 174, 175, 178, 179, 180, 183, 184, 186, 192], "summary": {"covered_lines": 88, "num_statements": 89, "percent_covered": 98.87640449438203, "percent_covered_display": "99", "missing_lines": 1, "excluded_lines": 0}, "missing_lines": [70], "excluded_lines": [], "functions": {"ProjectIndex.get_workflow": {"executed_lines": [59], "summary": {"covered_lines": 1, "num_statements": 1, "percent_covered": 100.0, "percent_covered_display": "100", "missing_lines": 0, "excluded_lines": 0}, "missing_lines": [], "excluded_lines": []}, "ProjectIndex.get_activity": {"executed_lines": [63], "summary": {"covered_lines": 1, "num_statements": 1, "percent_covered": 100.0, "percent_covered_display": "100", "missing_lines": 0, "excluded_lines": 0}, "missing_lines": [], "excluded_lines": []}, "ProjectIndex.get_workflow_for_activity": {"executed_lines": [67, 68, 69], "summary": {"covered_lines": 3, "num_statements": 4, "percent_covered": 75.0, "percent_covered_display": "75", "missing_lines": 1, "excluded_lines": 0}, "missing_lines": [70], "excluded_lines": []}, "ProjectIndex.slice_context": {"executed_lines": [74, 77, 78, 79, 81, 84, 85, 86, 87, 88, 89, 90, 91, 92, 93, 94, 97, 98, 99, 100, 101, 102, 103, 104, 105, 106, 107, 109], "summary": {"covered_lines": 28, "num_statements": 28, "percent_covered": 100.0, "percent_covered_display": "100", "missing_lines": 0, "excluded_lines": 0}, "missing_lines": [], "excluded_lines": []}, "ProjectIndex.find_call_cycles": {"executed_lines": [113], "summary": {"covered_lines": 1, "num_statements": 1, "percent_covered": 100.0, "percent_covered_display": "100", "missing_lines": 0, "excluded_lines": 0}, "missing_lines": [], "excluded_lines": []}, "ProjectIndex.get_execution_order": {"executed_lines": [117], "summary": {"covered_lines": 1, "num_statements": 1, "percent_covered": 100.0, "percent_covered_display": "100", "missing_lines": 0, "excluded_lines": 0}, "missing_lines": [], "excluded_lines": []}, "ProjectAnalyzer.analyze": {"executed_lines": [146, 147, 148, 149, 152, 153, 154, 156, 159, 160, 161, 164, 165, 168, 169, 170, 171, 174, 175, 178, 179, 180, 183, 184, 186, 192], "summary": {"covered_lines": 26, "num_statements": 26, "percent_covered": 100.0, "percent_covered_display": "100", "missing_lines": 0, "excluded_lines": 0}, "missing_lines": [], "excluded_lines": []}, "": {"executed_lines": [1, 9, 10, 12, 13, 15, 18, 19, 20, 40, 41, 42, 43, 46, 47, 48, 51, 52, 53, 54, 55, 57, 61, 65, 72, 111, 115, 120, 121, 127], "summary": {"covered_lines": 27, "num_statements": 27, "percent_covered": 100.0, "percent_covered_display": "100", "missing_lines": 0, "excluded_lines": 0}, "missing_lines": [], "excluded_lines": []}}, "classes": {"ProjectIndex": {"executed_lines": [59, 63, 67, 68, 69, 74, 77, 78, 79, 81, 84, 85, 86, 87, 88, 89, 90, 91, 92, 93, 94, 97, 98, 99, 100, 101, 102, 103, 104, 105, 106, 107, 109, 113, 117], "summary": {"covered_lines": 35, "num_statements": 36, "percent_covered": 97.22222222222223, "percent_covered_display": "97", "missing_lines": 1, "excluded_lines": 0}, "missing_lines": [70], "excluded_lines": []}, "ProjectAnalyzer": {"executed_lines": [146, 147, 148, 149, 152, 153, 154, 156, 159, 160, 161, 164, 165, 168, 169, 170, 171, 174, 175, 178, 179, 180, 183, 184, 186, 192], "summary": {"covered_lines": 26, "num_statements": 26, "percent_covered": 100.0, "percent_covered_display": "100", "missing_lines": 0, "excluded_lines": 0}, "missing_lines": [], "excluded_lines": []}, "": {"executed_lines": [1, 9, 10, 12, 13, 15, 18, 19, 20, 40, 41, 42, 43, 46, 47, 48, 51, 52, 53, 54, 55, 57, 61, 65, 72, 111, 115, 120, 121, 127], "summary": {"covered_lines": 27, "num_statements": 27, "percent_covered": 100.0, "percent_covered_display": "100", "missing_lines": 0, "excluded_lines": 0}, "missing_lines": [], "excluded_lines": []}}}, "xaml_parser\\ancestry_graph.py": {"executed_lines": [], "summary": {"covered_lines": 0, "num_statements": 137, "percent_covered": 0.0, "percent_covered_display": "0", "missing_lines": 137, "excluded_lines": 0}, "missing_lines": [7, 8, 10, 11, 12, 13, 15, 18, 19, 33, 34, 35, 36, 37, 38, 39, 40, 43, 44, 54, 55, 56, 57, 60, 61, 74, 75, 76, 77, 78, 79, 80, 83, 84, 95, 96, 97, 98, 99, 102, 103, 113, 114, 115, 116, 119, 120, 130, 131, 132, 133, 136, 143, 145, 146, 149, 150, 151, 154, 155, 156, 158, 164, 166, 167, 169, 170, 171, 172, 174, 180, 182, 183, 186, 187, 188, 189, 191, 194, 195, 196, 198, 207, 208, 210, 212, 221, 222, 224, 226, 235, 236, 239, 240, 241, 243, 244, 245, 246, 247, 249, 250, 251, 252, 254, 256, 265, 266, 269, 270, 271, 273, 274, 275, 276, 277, 279, 280, 281, 282, 284, 286, 296, 297, 298, 299, 301, 307, 312, 321, 343, 352, 365, 374, 383, 384, 399], "excluded_lines": [], "functions": {"AncestryGraph.__init__": {"executed_lines": [], "summary": {"covered_lines": 0, "num_statements": 8, "percent_covered": 0.0, "percent_covered_display": "0", "missing_lines": 8, "excluded_lines": 0}, "missing_lines": [145, 146, 149, 150, 151, 154, 155, 156], "excluded_lines": []}, "AncestryGraph.add_node": {"executed_lines": [], "summary": {"covered_lines": 0, "num_statements": 7, "percent_covered": 0.0, "percent_covered_display": "0", "missing_lines": 7, "excluded_lines": 0}, "missing_lines": [164, 166, 167, 169, 170, 171, 172], "excluded_lines": []}, "AncestryGraph.add_edge": {"executed_lines": [], "summary": {"covered_lines": 0, "num_statements": 11, "percent_covered": 0.0, "percent_covered_display": "0", "missing_lines": 11, "excluded_lines": 0}, "missing_lines": [180, 182, 183, 186, 187, 188, 189, 191, 194, 195, 196], "excluded_lines": []}, "AncestryGraph.get_successors": {"executed_lines": [], "summary": {"covered_lines": 0, "num_statements": 3, "percent_covered": 0.0, "percent_covered_display": "0", "missing_lines": 3, "excluded_lines": 0}, "missing_lines": [207, 208, 210], "excluded_lines": []}, "AncestryGraph.get_predecessors": {"executed_lines": [], "summary": {"covered_lines": 0, "num_statements": 3, "percent_covered": 0.0, "percent_covered_display": "0", "missing_lines": 3, "excluded_lines": 0}, "missing_lines": [221, 222, 224], "excluded_lines": []}, "AncestryGraph.get_descendants": {"executed_lines": [], "summary": {"covered_lines": 0, "num_statements": 15, "percent_covered": 0.0, "percent_covered_display": "0", "missing_lines": 15, "excluded_lines": 0}, "missing_lines": [235, 236, 239, 240, 241, 243, 244, 245, 246, 247, 249, 250, 251, 252, 254], "excluded_lines": []}, "AncestryGraph.get_ancestors": {"executed_lines": [], "summary": {"covered_lines": 0, "num_statements": 15, "percent_covered": 0.0, "percent_covered_display": "0", "missing_lines": 15, "excluded_lines": 0}, "missing_lines": [265, 266, 269, 270, 271, 273, 274, 275, 276, 277, 279, 280, 281, 282, 284], "excluded_lines": []}, "AncestryGraph.find_edge": {"executed_lines": [], "summary": {"covered_lines": 0, "num_statements": 4, "percent_covered": 0.0, "percent_covered_display": "0", "missing_lines": 4, "excluded_lines": 0}, "missing_lines": [296, 297, 298, 299], "excluded_lines": []}, "AncestryGraph.to_dict": {"executed_lines": [], "summary": {"covered_lines": 0, "num_statements": 1, "percent_covered": 0.0, "percent_covered_display": "0", "missing_lines": 1, "excluded_lines": 0}, "missing_lines": [307], "excluded_lines": []}, "AncestryGraph._node_to_dict": {"executed_lines": [], "summary": {"covered_lines": 0, "num_statements": 1, "percent_covered": 0.0, "percent_covered_display": "0", "missing_lines": 1, "excluded_lines": 0}, "missing_lines": [321], "excluded_lines": []}, "AncestryGraph._type_to_dict": {"executed_lines": [], "summary": {"covered_lines": 0, "num_statements": 1, "percent_covered": 0.0, "percent_covered_display": "0", "missing_lines": 1, "excluded_lines": 0}, "missing_lines": [352], "excluded_lines": []}, "AncestryGraph._edge_to_dict": {"executed_lines": [], "summary": {"covered_lines": 0, "num_statements": 4, "percent_covered": 0.0, "percent_covered_display": "0", "missing_lines": 4, "excluded_lines": 0}, "missing_lines": [374, 383, 384, 399], "excluded_lines": []}, "": {"executed_lines": [], "summary": {"covered_lines": 0, "num_statements": 64, "percent_covered": 0.0, "percent_covered_display": "0", "missing_lines": 64, "excluded_lines": 0}, "missing_lines": [7, 8, 10, 11, 12, 13, 15, 18, 19, 33, 34, 35, 36, 37, 38, 39, 40, 43, 44, 54, 55, 56, 57, 60, 61, 74, 75, 76, 77, 78, 79, 80, 83, 84, 95, 96, 97, 98, 99, 102, 103, 113, 114, 115, 116, 119, 120, 130, 131, 132, 133, 136, 143, 158, 174, 198, 212, 226, 256, 286, 301, 312, 343, 365], "excluded_lines": []}}, "classes": {"AncestryNode": {"executed_lines": [], "summary": {"covered_lines": 0, "num_statements": 0, "percent_covered": 100.0, "percent_covered_display": "100", "missing_lines": 0, "excluded_lines": 0}, "missing_lines": [], "excluded_lines": []}, "TransformationInfo": {"executed_lines": [], "summary": {"covered_lines": 0, "num_statements": 0, "percent_covered": 100.0, "percent_covered_display": "100", "missing_lines": 0, "excluded_lines": 0}, "missing_lines": [], "excluded_lines": []}, "AncestryEdge": {"executed_lines": [], "summary": {"covered_lines": 0, "num_statements": 0, "percent_covered": 100.0, "percent_covered_display": "100", "missing_lines": 0, "excluded_lines": 0}, "missing_lines": [], "excluded_lines": []}, "AncestryPath": {"executed_lines": [], "summary": {"covered_lines": 0, "num_statements": 0, "percent_covered": 100.0, "percent_covered_display": "100", "missing_lines": 0, "excluded_lines": 0}, "missing_lines": [], "excluded_lines": []}, "ValueFlowTrace": {"executed_lines": [], "summary": {"covered_lines": 0, "num_statements": 0, "percent_covered": 100.0, "percent_covered_display": "100", "missing_lines": 0, "excluded_lines": 0}, "missing_lines": [], "excluded_lines": []}, "ImpactAnalysisResult": {"executed_lines": [], "summary": {"covered_lines": 0, "num_statements": 0, "percent_covered": 100.0, "percent_covered_display": "100", "missing_lines": 0, "excluded_lines": 0}, "missing_lines": [], "excluded_lines": []}, "AncestryGraph": {"executed_lines": [], "summary": {"covered_lines": 0, "num_statements": 73, "percent_covered": 0.0, "percent_covered_display": "0", "missing_lines": 73, "excluded_lines": 0}, "missing_lines": [145, 146, 149, 150, 151, 154, 155, 156, 164, 166, 167, 169, 170, 171, 172, 180, 182, 183, 186, 187, 188, 189, 191, 194, 195, 196, 207, 208, 210, 221, 222, 224, 235, 236, 239, 240, 241, 243, 244, 245, 246, 247, 249, 250, 251, 252, 254, 265, 266, 269, 270, 271, 273, 274, 275, 276, 277, 279, 280, 281, 282, 284, 296, 297, 298, 299, 307, 321, 352, 374, 383, 384, 399], "excluded_lines": []}, "": {"executed_lines": [], "summary": {"covered_lines": 0, "num_statements": 64, "percent_covered": 0.0, "percent_covered_display": "0", "missing_lines": 64, "excluded_lines": 0}, "missing_lines": [7, 8, 10, 11, 12, 13, 15, 18, 19, 33, 34, 35, 36, 37, 38, 39, 40, 43, 44, 54, 55, 56, 57, 60, 61, 74, 75, 76, 77, 78, 79, 80, 83, 84, 95, 96, 97, 98, 99, 102, 103, 113, 114, 115, 116, 119, 120, 130, 131, 132, 133, 136, 143, 158, 174, 198, 212, 226, 256, 286, 301, 312, 343, 365], "excluded_lines": []}}}, "xaml_parser\\cli.py": {"executed_lines": [1, 3, 4, 5, 6, 7, 8, 9, 11, 12, 13, 16, 17, 18, 21, 23, 25, 26, 27, 29, 30, 31, 32, 33, 34, 35, 36, 37, 38, 39, 40, 42, 43, 44, 46, 47, 50, 51, 52, 53, 54, 55, 56, 58, 59, 60, 61, 62, 65, 66, 67, 68, 69, 70, 71, 72, 75, 76, 77, 78, 79, 80, 81, 84, 85, 86, 87, 88, 89, 93, 96, 98, 99, 100, 101, 102, 104, 107, 109, 110, 112, 113, 114, 115, 116, 117, 118, 119, 121, 124, 126, 127, 129, 130, 131, 132, 133, 134, 136, 139, 141, 142, 144, 145, 146, 147, 148, 149, 150, 152, 155, 157, 159, 160, 162, 163, 164, 165, 166, 168, 169, 170, 172, 173, 174, 180, 182, 185, 187, 189, 190, 191, 192, 193, 194, 195, 196, 198, 199, 200, 202, 210, 211, 214, 215, 216, 217, 218, 219, 220, 223, 224, 225, 226, 227, 228, 229, 232, 233, 234, 235, 236, 237, 238, 239, 242, 243, 244, 245, 246, 248, 249, 250, 256, 257, 259, 260, 261, 262, 263, 265, 268, 270, 272, 275, 276, 277, 279, 280, 281, 283, 284, 285, 286, 287, 289, 290, 292, 295, 297, 298, 300, 301, 303, 304, 305, 307, 309, 310, 311, 313, 324, 326, 328, 331, 333, 366, 373, 378, 383, 384, 385, 390, 391, 392, 393, 397, 400, 406, 411, 421, 430, 434, 438, 446, 449, 452, 457, 459, 462, 469, 470, 473, 474, 477, 478, 479, 482, 483, 486, 487, 488, 492, 493, 496, 497, 498, 499, 500, 501, 502, 505, 602, 605, 610, 669, 670, 671, 672, 674, 676, 684, 685, 722, 723, 724, 725, 727, 728, 730, 735, 736, 737, 739, 742, 743, 745, 748], "summary": {"covered_lines": 286, "num_statements": 379, "percent_covered": 75.46174142480211, "percent_covered_display": "75", "missing_lines": 93, "excluded_lines": 2}, "missing_lines": [203, 204, 205, 206, 207, 208, 480, 489, 490, 506, 507, 508, 510, 511, 512, 514, 515, 522, 524, 527, 530, 533, 535, 537, 538, 540, 541, 543, 545, 546, 548, 550, 551, 552, 554, 555, 558, 559, 562, 563, 565, 568, 569, 570, 572, 573, 574, 576, 589, 592, 593, 594, 596, 599, 606, 607, 611, 612, 613, 614, 615, 618, 619, 620, 622, 623, 624, 625, 626, 629, 631, 632, 633, 636, 637, 645, 646, 647, 648, 650, 653, 655, 656, 657, 659, 660, 661, 663, 664, 665, 666, 726, 732], "excluded_lines": [748, 749], "functions": {"format_pretty": {"executed_lines": [23, 25, 26, 27, 29, 30, 31, 32, 33, 34, 35, 36, 37, 38, 39, 40, 42, 43, 44, 46, 47, 50, 51, 52, 53, 54, 55, 56, 58, 59, 60, 61, 62, 65, 66, 67, 68, 69, 70, 71, 72, 75, 76, 77, 78, 79, 80, 81, 84, 85, 86, 87, 88, 89, 93, 96, 98, 99, 100, 101, 102, 104], "summary": {"covered_lines": 62, "num_statements": 62, "percent_covered": 100.0, "percent_covered_display": "100", "missing_lines": 0, "excluded_lines": 0}, "missing_lines": [], "excluded_lines": []}, "format_arguments": {"executed_lines": [109, 110, 112, 113, 114, 115, 116, 117, 118, 119, 121], "summary": {"covered_lines": 11, "num_statements": 11, "percent_covered": 100.0, "percent_covered_display": "100", "missing_lines": 0, "excluded_lines": 0}, "missing_lines": [], "excluded_lines": []}, "format_activities": {"executed_lines": [126, 127, 129, 130, 131, 132, 133, 134, 136], "summary": {"covered_lines": 9, "num_statements": 9, "percent_covered": 100.0, "percent_covered_display": "100", "missing_lines": 0, "excluded_lines": 0}, "missing_lines": [], "excluded_lines": []}, "format_tree": {"executed_lines": [141, 142, 144, 145, 146, 147, 148, 149, 150, 152], "summary": {"covered_lines": 10, "num_statements": 10, "percent_covered": 100.0, "percent_covered_display": "100", "missing_lines": 0, "excluded_lines": 0}, "missing_lines": [], "excluded_lines": []}, "format_summary": {"executed_lines": [157, 159, 160, 162, 163, 164, 165, 166, 168, 169, 170, 172, 173, 174, 180, 182], "summary": {"covered_lines": 16, "num_statements": 16, "percent_covered": 100.0, "percent_covered_display": "100", "missing_lines": 0, "excluded_lines": 0}, "missing_lines": [], "excluded_lines": []}, "format_project_summary": {"executed_lines": [187, 189, 190, 191, 192, 193, 194, 195, 196, 198, 199, 200, 202, 210, 211, 214, 215, 216, 217, 218, 219, 220, 223, 224, 225, 226, 227, 228, 229, 232, 233, 234, 235, 236, 237, 238, 239, 242, 243, 244, 245, 246, 248, 249, 250, 256, 257, 259, 260, 261, 262, 263, 265], "summary": {"covered_lines": 53, "num_statements": 59, "percent_covered": 89.83050847457628, "percent_covered_display": "90", "missing_lines": 6, "excluded_lines": 0}, "missing_lines": [203, 204, 205, 206, 207, 208], "excluded_lines": []}, "format_dependency_graph": {"executed_lines": [270, 272, 275, 276, 277, 279, 280, 281, 283, 284, 285, 286, 287, 289, 290, 292], "summary": {"covered_lines": 16, "num_statements": 16, "percent_covered": 100.0, "percent_covered_display": "100", "missing_lines": 0, "excluded_lines": 0}, "missing_lines": [], "excluded_lines": []}, "parse_files": {"executed_lines": [297, 298, 300, 301, 303, 304, 305, 307, 309, 310, 311, 313, 324, 326, 328], "summary": {"covered_lines": 15, "num_statements": 15, "percent_covered": 100.0, "percent_covered_display": "100", "missing_lines": 0, "excluded_lines": 0}, "missing_lines": [], "excluded_lines": []}, "main": {"executed_lines": [333, 366, 373, 378, 383, 384, 385, 390, 391, 392, 393, 397, 400, 406, 411, 421, 430, 434, 438, 446, 449, 452, 457, 459, 462, 469, 470, 473, 474, 477, 478, 479, 482, 483, 486, 487, 488, 492, 493, 496, 497, 498, 499, 500, 501, 502, 505, 602, 605, 610, 669, 670, 671, 672, 674, 676, 684, 685, 722, 723, 724, 725, 727, 728, 730, 735, 736, 737, 739, 742, 743, 745], "summary": {"covered_lines": 72, "num_statements": 159, "percent_covered": 45.283018867924525, "percent_covered_display": "45", "missing_lines": 87, "excluded_lines": 0}, "missing_lines": [480, 489, 490, 506, 507, 508, 510, 511, 512, 514, 515, 522, 524, 527, 530, 533, 535, 537, 538, 540, 541, 543, 545, 546, 548, 550, 551, 552, 554, 555, 558, 559, 562, 563, 565, 568, 569, 570, 572, 573, 574, 576, 589, 592, 593, 594, 596, 599, 606, 607, 611, 612, 613, 614, 615, 618, 619, 620, 622, 623, 624, 625, 626, 629, 631, 632, 633, 636, 637, 645, 646, 647, 648, 650, 653, 655, 656, 657, 659, 660, 661, 663, 664, 665, 666, 726, 732], "excluded_lines": []}, "": {"executed_lines": [1, 3, 4, 5, 6, 7, 8, 9, 11, 12, 13, 16, 17, 18, 21, 107, 124, 139, 155, 185, 268, 295, 331, 748], "summary": {"covered_lines": 22, "num_statements": 22, "percent_covered": 100.0, "percent_covered_display": "100", "missing_lines": 0, "excluded_lines": 2}, "missing_lines": [], "excluded_lines": [748, 749]}}, "classes": {"": {"executed_lines": [1, 3, 4, 5, 6, 7, 8, 9, 11, 12, 13, 16, 17, 18, 21, 23, 25, 26, 27, 29, 30, 31, 32, 33, 34, 35, 36, 37, 38, 39, 40, 42, 43, 44, 46, 47, 50, 51, 52, 53, 54, 55, 56, 58, 59, 60, 61, 62, 65, 66, 67, 68, 69, 70, 71, 72, 75, 76, 77, 78, 79, 80, 81, 84, 85, 86, 87, 88, 89, 93, 96, 98, 99, 100, 101, 102, 104, 107, 109, 110, 112, 113, 114, 115, 116, 117, 118, 119, 121, 124, 126, 127, 129, 130, 131, 132, 133, 134, 136, 139, 141, 142, 144, 145, 146, 147, 148, 149, 150, 152, 155, 157, 159, 160, 162, 163, 164, 165, 166, 168, 169, 170, 172, 173, 174, 180, 182, 185, 187, 189, 190, 191, 192, 193, 194, 195, 196, 198, 199, 200, 202, 210, 211, 214, 215, 216, 217, 218, 219, 220, 223, 224, 225, 226, 227, 228, 229, 232, 233, 234, 235, 236, 237, 238, 239, 242, 243, 244, 245, 246, 248, 249, 250, 256, 257, 259, 260, 261, 262, 263, 265, 268, 270, 272, 275, 276, 277, 279, 280, 281, 283, 284, 285, 286, 287, 289, 290, 292, 295, 297, 298, 300, 301, 303, 304, 305, 307, 309, 310, 311, 313, 324, 326, 328, 331, 333, 366, 373, 378, 383, 384, 385, 390, 391, 392, 393, 397, 400, 406, 411, 421, 430, 434, 438, 446, 449, 452, 457, 459, 462, 469, 470, 473, 474, 477, 478, 479, 482, 483, 486, 487, 488, 492, 493, 496, 497, 498, 499, 500, 501, 502, 505, 602, 605, 610, 669, 670, 671, 672, 674, 676, 684, 685, 722, 723, 724, 725, 727, 728, 730, 735, 736, 737, 739, 742, 743, 745, 748], "summary": {"covered_lines": 286, "num_statements": 379, "percent_covered": 75.46174142480211, "percent_covered_display": "75", "missing_lines": 93, "excluded_lines": 2}, "missing_lines": [203, 204, 205, 206, 207, 208, 480, 489, 490, 506, 507, 508, 510, 511, 512, 514, 515, 522, 524, 527, 530, 533, 535, 537, 538, 540, 541, 543, 545, 546, 548, 550, 551, 552, 554, 555, 558, 559, 562, 563, 565, 568, 569, 570, 572, 573, 574, 576, 589, 592, 593, 594, 596, 599, 606, 607, 611, 612, 613, 614, 615, 618, 619, 620, 622, 623, 624, 625, 626, 629, 631, 632, 633, 636, 637, 645, 646, 647, 648, 650, 653, 655, 656, 657, 659, 660, 661, 663, 664, 665, 666, 726, 732], "excluded_lines": [748, 749]}}}, "xaml_parser\\constants.py": {"executed_lines": [1, 9, 23, 47, 64, 72, 79, 90, 96], "summary": {"covered_lines": 8, "num_statements": 8, "percent_covered": 100.0, "percent_covered_display": "100", "missing_lines": 0, "excluded_lines": 0}, "missing_lines": [], "excluded_lines": [], "functions": {"": {"executed_lines": [1, 9, 23, 47, 64, 72, 79, 90, 96], "summary": {"covered_lines": 8, "num_statements": 8, "percent_covered": 100.0, "percent_covered_display": "100", "missing_lines": 0, "excluded_lines": 0}, "missing_lines": [], "excluded_lines": []}}, "classes": {"": {"executed_lines": [1, 9, 23, 47, 64, 72, 79, 90, 96], "summary": {"covered_lines": 8, "num_statements": 8, "percent_covered": 100.0, "percent_covered_display": "100", "missing_lines": 0, "excluded_lines": 0}, "missing_lines": [], "excluded_lines": []}}}, "xaml_parser\\control_flow.py": {"executed_lines": [1, 10, 12, 13, 14, 17, 18, 31, 37, 39, 48, 51, 54, 55, 56, 58, 60, 72, 75, 76, 77, 78, 79, 80, 81, 82, 83, 84, 85, 87, 88, 89, 91, 93, 97, 99, 111, 114, 117, 118, 119, 122, 124, 132, 134, 136, 148, 151, 156, 157, 160, 161, 164, 176, 177, 180, 191, 193, 205, 208, 212, 215, 216, 218, 219, 220, 223, 235, 236, 237, 238, 239, 242, 253, 255, 267, 270, 273, 274, 277, 278, 281, 293, 294, 297, 308, 310, 322, 325, 326, 327, 328, 340, 341, 342, 343, 344, 346, 347, 352, 364, 365, 366, 369, 380, 382, 434, 446, 449, 450, 451, 462, 464, 494, 544, 577, 591, 592, 594, 595, 596, 599, 600, 601, 604, 606, 615, 617, 618, 620, 622, 625, 626], "summary": {"covered_lines": 131, "num_statements": 165, "percent_covered": 79.39393939393939, "percent_covered_display": "79", "missing_lines": 34, "excluded_lines": 0}, "missing_lines": [86, 90, 92, 94, 394, 415, 416, 417, 418, 420, 421, 432, 476, 479, 480, 481, 492, 506, 525, 526, 527, 528, 530, 531, 542, 556, 559, 560, 561, 564, 575, 602, 623, 628], "excluded_lines": [], "functions": {"ControlFlowExtractor.__init__": {"executed_lines": [37], "summary": {"covered_lines": 1, "num_statements": 1, "percent_covered": 100.0, "percent_covered_display": "100", "missing_lines": 0, "excluded_lines": 0}, "missing_lines": [], "excluded_lines": []}, "ControlFlowExtractor.extract_edges": {"executed_lines": [48, 51, 54, 55, 56, 58], "summary": {"covered_lines": 6, "num_statements": 6, "percent_covered": 100.0, "percent_covered_display": "100", "missing_lines": 0, "excluded_lines": 0}, "missing_lines": [], "excluded_lines": []}, "ControlFlowExtractor._extract_from_activity": {"executed_lines": [72, 75, 76, 77, 78, 79, 80, 81, 82, 83, 84, 85, 87, 88, 89, 91, 93, 97], "summary": {"covered_lines": 18, "num_statements": 22, "percent_covered": 81.81818181818181, "percent_covered_display": "82", "missing_lines": 4, "excluded_lines": 0}, "missing_lines": [86, 90, 92, 94], "excluded_lines": []}, "ControlFlowExtractor._extract_sequence_edges": {"executed_lines": [111, 114, 117, 118, 119, 122, 124, 132, 134], "summary": {"covered_lines": 9, "num_statements": 9, "percent_covered": 100.0, "percent_covered_display": "100", "missing_lines": 0, "excluded_lines": 0}, "missing_lines": [], "excluded_lines": []}, "ControlFlowExtractor._extract_if_edges": {"executed_lines": [148, 151, 156, 157, 160, 161, 164, 176, 177, 180, 191], "summary": {"covered_lines": 11, "num_statements": 11, "percent_covered": 100.0, "percent_covered_display": "100", "missing_lines": 0, "excluded_lines": 0}, "missing_lines": [], "excluded_lines": []}, "ControlFlowExtractor._extract_switch_edges": {"executed_lines": [205, 208, 212, 215, 216, 218, 219, 220, 223, 235, 236, 237, 238, 239, 242, 253], "summary": {"covered_lines": 16, "num_statements": 16, "percent_covered": 100.0, "percent_covered_display": "100", "missing_lines": 0, "excluded_lines": 0}, "missing_lines": [], "excluded_lines": []}, "ControlFlowExtractor._extract_flow_decision_edges": {"executed_lines": [267, 270, 273, 274, 277, 278, 281, 293, 294, 297, 308], "summary": {"covered_lines": 11, "num_statements": 11, "percent_covered": 100.0, "percent_covered_display": "100", "missing_lines": 0, "excluded_lines": 0}, "missing_lines": [], "excluded_lines": []}, "ControlFlowExtractor._extract_try_catch_edges": {"executed_lines": [322, 325, 326, 327, 328, 340, 341, 342, 343, 344, 346, 347, 352, 364, 365, 366, 369, 380], "summary": {"covered_lines": 18, "num_statements": 18, "percent_covered": 100.0, "percent_covered_display": "100", "missing_lines": 0, "excluded_lines": 0}, "missing_lines": [], "excluded_lines": []}, "ControlFlowExtractor._extract_flowchart_edges": {"executed_lines": [], "summary": {"covered_lines": 0, "num_statements": 8, "percent_covered": 0.0, "percent_covered_display": "0", "missing_lines": 8, "excluded_lines": 0}, "missing_lines": [394, 415, 416, 417, 418, 420, 421, 432], "excluded_lines": []}, "ControlFlowExtractor._extract_parallel_edges": {"executed_lines": [446, 449, 450, 451, 462], "summary": {"covered_lines": 5, "num_statements": 5, "percent_covered": 100.0, "percent_covered_display": "100", "missing_lines": 0, "excluded_lines": 0}, "missing_lines": [], "excluded_lines": []}, "ControlFlowExtractor._extract_pick_edges": {"executed_lines": [], "summary": {"covered_lines": 0, "num_statements": 5, "percent_covered": 0.0, "percent_covered_display": "0", "missing_lines": 5, "excluded_lines": 0}, "missing_lines": [476, 479, 480, 481, 492], "excluded_lines": []}, "ControlFlowExtractor._extract_state_machine_edges": {"executed_lines": [], "summary": {"covered_lines": 0, "num_statements": 8, "percent_covered": 0.0, "percent_covered_display": "0", "missing_lines": 8, "excluded_lines": 0}, "missing_lines": [506, 525, 526, 527, 528, 530, 531, 542], "excluded_lines": []}, "ControlFlowExtractor._extract_retry_scope_edges": {"executed_lines": [], "summary": {"covered_lines": 0, "num_statements": 6, "percent_covered": 0.0, "percent_covered_display": "0", "missing_lines": 6, "excluded_lines": 0}, "missing_lines": [556, 559, 560, 561, 564, 575], "excluded_lines": []}, "ControlFlowExtractor._find_child_by_name": {"executed_lines": [591, 592, 594, 595, 596, 599, 600, 601, 604], "summary": {"covered_lines": 9, "num_statements": 10, "percent_covered": 90.0, "percent_covered_display": "90", "missing_lines": 1, "excluded_lines": 0}, "missing_lines": [602], "excluded_lines": []}, "ControlFlowExtractor._extract_activity_id_from_config": {"executed_lines": [615, 617, 618, 620, 622, 625, 626], "summary": {"covered_lines": 7, "num_statements": 9, "percent_covered": 77.77777777777777, "percent_covered_display": "78", "missing_lines": 2, "excluded_lines": 0}, "missing_lines": [623, 628], "excluded_lines": []}, "": {"executed_lines": [1, 10, 12, 13, 14, 17, 18, 31, 39, 60, 99, 136, 193, 255, 310, 382, 434, 464, 494, 544, 577, 606], "summary": {"covered_lines": 20, "num_statements": 20, "percent_covered": 100.0, "percent_covered_display": "100", "missing_lines": 0, "excluded_lines": 0}, "missing_lines": [], "excluded_lines": []}}, "classes": {"ControlFlowExtractor": {"executed_lines": [37, 48, 51, 54, 55, 56, 58, 72, 75, 76, 77, 78, 79, 80, 81, 82, 83, 84, 85, 87, 88, 89, 91, 93, 97, 111, 114, 117, 118, 119, 122, 124, 132, 134, 148, 151, 156, 157, 160, 161, 164, 176, 177, 180, 191, 205, 208, 212, 215, 216, 218, 219, 220, 223, 235, 236, 237, 238, 239, 242, 253, 267, 270, 273, 274, 277, 278, 281, 293, 294, 297, 308, 322, 325, 326, 327, 328, 340, 341, 342, 343, 344, 346, 347, 352, 364, 365, 366, 369, 380, 446, 449, 450, 451, 462, 591, 592, 594, 595, 596, 599, 600, 601, 604, 615, 617, 618, 620, 622, 625, 626], "summary": {"covered_lines": 111, "num_statements": 145, "percent_covered": 76.55172413793103, "percent_covered_display": "77", "missing_lines": 34, "excluded_lines": 0}, "missing_lines": [86, 90, 92, 94, 394, 415, 416, 417, 418, 420, 421, 432, 476, 479, 480, 481, 492, 506, 525, 526, 527, 528, 530, 531, 542, 556, 559, 560, 561, 564, 575, 602, 623, 628], "excluded_lines": []}, "": {"executed_lines": [1, 10, 12, 13, 14, 17, 18, 31, 39, 60, 99, 136, 193, 255, 310, 382, 434, 464, 494, 544, 577, 606], "summary": {"covered_lines": 20, "num_statements": 20, "percent_covered": 100.0, "percent_covered_display": "100", "missing_lines": 0, "excluded_lines": 0}, "missing_lines": [], "excluded_lines": []}}}, "xaml_parser\\dto.py": {"executed_lines": [1, 16, 17, 20, 21, 22, 32, 33, 34, 35, 36, 39, 40, 41, 54, 55, 56, 57, 58, 59, 62, 63, 64, 79, 80, 81, 82, 83, 84, 85, 88, 89, 90, 101, 102, 103, 104, 105, 106, 109, 110, 111, 121, 122, 123, 124, 125, 128, 129, 130, 137, 138, 141, 142, 143, 167, 168, 169, 170, 171, 172, 175, 176, 177, 180, 181, 182, 185, 186, 187, 190, 193, 194, 195, 209, 210, 211, 212, 213, 214, 217, 218, 219, 230, 231, 232, 233, 236, 237, 238, 247, 248, 249, 250, 253, 254, 255, 278, 279, 280, 283, 286, 287, 288, 291, 294, 295, 296, 297, 298, 299, 302, 305, 306, 307, 315, 316, 317, 320, 321, 322, 339, 340, 341, 342, 343, 344, 345, 346, 347, 348, 349, 350, 353, 354, 355, 366, 367, 368, 369, 370, 371, 372], "summary": {"covered_lines": 128, "num_statements": 128, "percent_covered": 100.0, "percent_covered_display": "100", "missing_lines": 0, "excluded_lines": 0}, "missing_lines": [], "excluded_lines": [], "functions": {"": {"executed_lines": [1, 16, 17, 20, 21, 22, 32, 33, 34, 35, 36, 39, 40, 41, 54, 55, 56, 57, 58, 59, 62, 63, 64, 79, 80, 81, 82, 83, 84, 85, 88, 89, 90, 101, 102, 103, 104, 105, 106, 109, 110, 111, 121, 122, 123, 124, 125, 128, 129, 130, 137, 138, 141, 142, 143, 167, 168, 169, 170, 171, 172, 175, 176, 177, 180, 181, 182, 185, 186, 187, 190, 193, 194, 195, 209, 210, 211, 212, 213, 214, 217, 218, 219, 230, 231, 232, 233, 236, 237, 238, 247, 248, 249, 250, 253, 254, 255, 278, 279, 280, 283, 286, 287, 288, 291, 294, 295, 296, 297, 298, 299, 302, 305, 306, 307, 315, 316, 317, 320, 321, 322, 339, 340, 341, 342, 343, 344, 345, 346, 347, 348, 349, 350, 353, 354, 355, 366, 367, 368, 369, 370, 371, 372], "summary": {"covered_lines": 128, "num_statements": 128, "percent_covered": 100.0, "percent_covered_display": "100", "missing_lines": 0, "excluded_lines": 0}, "missing_lines": [], "excluded_lines": []}}, "classes": {"SourceInfo": {"executed_lines": [], "summary": {"covered_lines": 0, "num_statements": 0, "percent_covered": 100.0, "percent_covered_display": "100", "missing_lines": 0, "excluded_lines": 0}, "missing_lines": [], "excluded_lines": []}, "ProvenanceInfo": {"executed_lines": [], "summary": {"covered_lines": 0, "num_statements": 0, "percent_covered": 100.0, "percent_covered_display": "100", "missing_lines": 0, "excluded_lines": 0}, "missing_lines": [], "excluded_lines": []}, "WorkflowMetadata": {"executed_lines": [], "summary": {"covered_lines": 0, "num_statements": 0, "percent_covered": 100.0, "percent_covered_display": "100", "missing_lines": 0, "excluded_lines": 0}, "missing_lines": [], "excluded_lines": []}, "ArgumentDto": {"executed_lines": [], "summary": {"covered_lines": 0, "num_statements": 0, "percent_covered": 100.0, "percent_covered_display": "100", "missing_lines": 0, "excluded_lines": 0}, "missing_lines": [], "excluded_lines": []}, "VariableDto": {"executed_lines": [], "summary": {"covered_lines": 0, "num_statements": 0, "percent_covered": 100.0, "percent_covered_display": "100", "missing_lines": 0, "excluded_lines": 0}, "missing_lines": [], "excluded_lines": []}, "DependencyDto": {"executed_lines": [], "summary": {"covered_lines": 0, "num_statements": 0, "percent_covered": 100.0, "percent_covered_display": "100", "missing_lines": 0, "excluded_lines": 0}, "missing_lines": [], "excluded_lines": []}, "ActivityDto": {"executed_lines": [], "summary": {"covered_lines": 0, "num_statements": 0, "percent_covered": 100.0, "percent_covered_display": "100", "missing_lines": 0, "excluded_lines": 0}, "missing_lines": [], "excluded_lines": []}, "EdgeDto": {"executed_lines": [], "summary": {"covered_lines": 0, "num_statements": 0, "percent_covered": 100.0, "percent_covered_display": "100", "missing_lines": 0, "excluded_lines": 0}, "missing_lines": [], "excluded_lines": []}, "InvocationDto": {"executed_lines": [], "summary": {"covered_lines": 0, "num_statements": 0, "percent_covered": 100.0, "percent_covered_display": "100", "missing_lines": 0, "excluded_lines": 0}, "missing_lines": [], "excluded_lines": []}, "IssueDto": {"executed_lines": [], "summary": {"covered_lines": 0, "num_statements": 0, "percent_covered": 100.0, "percent_covered_display": "100", "missing_lines": 0, "excluded_lines": 0}, "missing_lines": [], "excluded_lines": []}, "WorkflowDto": {"executed_lines": [], "summary": {"covered_lines": 0, "num_statements": 0, "percent_covered": 100.0, "percent_covered_display": "100", "missing_lines": 0, "excluded_lines": 0}, "missing_lines": [], "excluded_lines": []}, "EntryPointInfo": {"executed_lines": [], "summary": {"covered_lines": 0, "num_statements": 0, "percent_covered": 100.0, "percent_covered_display": "100", "missing_lines": 0, "excluded_lines": 0}, "missing_lines": [], "excluded_lines": []}, "ProjectInfo": {"executed_lines": [], "summary": {"covered_lines": 0, "num_statements": 0, "percent_covered": 100.0, "percent_covered_display": "100", "missing_lines": 0, "excluded_lines": 0}, "missing_lines": [], "excluded_lines": []}, "WorkflowCollectionDto": {"executed_lines": [], "summary": {"covered_lines": 0, "num_statements": 0, "percent_covered": 100.0, "percent_covered_display": "100", "missing_lines": 0, "excluded_lines": 0}, "missing_lines": [], "excluded_lines": []}, "": {"executed_lines": [1, 16, 17, 20, 21, 22, 32, 33, 34, 35, 36, 39, 40, 41, 54, 55, 56, 57, 58, 59, 62, 63, 64, 79, 80, 81, 82, 83, 84, 85, 88, 89, 90, 101, 102, 103, 104, 105, 106, 109, 110, 111, 121, 122, 123, 124, 125, 128, 129, 130, 137, 138, 141, 142, 143, 167, 168, 169, 170, 171, 172, 175, 176, 177, 180, 181, 182, 185, 186, 187, 190, 193, 194, 195, 209, 210, 211, 212, 213, 214, 217, 218, 219, 230, 231, 232, 233, 236, 237, 238, 247, 248, 249, 250, 253, 254, 255, 278, 279, 280, 283, 286, 287, 288, 291, 294, 295, 296, 297, 298, 299, 302, 305, 306, 307, 315, 316, 317, 320, 321, 322, 339, 340, 341, 342, 343, 344, 345, 346, 347, 348, 349, 350, 353, 354, 355, 366, 367, 368, 369, 370, 371, 372], "summary": {"covered_lines": 128, "num_statements": 128, "percent_covered": 100.0, "percent_covered_display": "100", "missing_lines": 0, "excluded_lines": 0}, "missing_lines": [], "excluded_lines": []}}}, "xaml_parser\\emitters\\__init__.py": {"executed_lines": [1, 9, 10, 11, 12, 14, 17, 18, 19, 31, 32, 33, 34, 35, 36, 37, 40, 41, 42, 51, 52, 53, 54, 57, 58, 68, 69, 70, 78, 79, 80, 88, 89, 104, 116], "summary": {"covered_lines": 23, "num_statements": 24, "percent_covered": 95.83333333333333, "percent_covered_display": "96", "missing_lines": 1, "excluded_lines": 33}, "missing_lines": [113], "excluded_lines": [68, 69, 70, 71, 72, 73, 74, 75, 76, 78, 79, 80, 81, 82, 83, 84, 85, 86, 88, 89, 90, 91, 92, 93, 94, 95, 96, 97, 98, 99, 100, 101, 102], "functions": {"Emitter.name": {"executed_lines": [], "summary": {"covered_lines": 0, "num_statements": 0, "percent_covered": 100.0, "percent_covered_display": "100", "missing_lines": 0, "excluded_lines": 6}, "missing_lines": [], "excluded_lines": [71, 72, 73, 74, 75, 76]}, "Emitter.output_extension": {"executed_lines": [], "summary": {"covered_lines": 0, "num_statements": 0, "percent_covered": 100.0, "percent_covered_display": "100", "missing_lines": 0, "excluded_lines": 6}, "missing_lines": [], "excluded_lines": [81, 82, 83, 84, 85, 86]}, "Emitter.emit": {"executed_lines": [], "summary": {"covered_lines": 0, "num_statements": 0, "percent_covered": 100.0, "percent_covered_display": "100", "missing_lines": 0, "excluded_lines": 11}, "missing_lines": [], "excluded_lines": [92, 93, 94, 95, 96, 97, 98, 99, 100, 101, 102]}, "Emitter.validate_config": {"executed_lines": [], "summary": {"covered_lines": 0, "num_statements": 1, "percent_covered": 0.0, "percent_covered_display": "0", "missing_lines": 1, "excluded_lines": 0}, "missing_lines": [113], "excluded_lines": []}, "": {"executed_lines": [1, 9, 10, 11, 12, 14, 17, 18, 19, 31, 32, 33, 34, 35, 36, 37, 40, 41, 42, 51, 52, 53, 54, 57, 58, 68, 69, 70, 78, 79, 80, 88, 89, 104, 116], "summary": {"covered_lines": 23, "num_statements": 23, "percent_covered": 100.0, "percent_covered_display": "100", "missing_lines": 0, "excluded_lines": 10}, "missing_lines": [], "excluded_lines": [68, 69, 70, 78, 79, 80, 88, 89, 90, 91]}}, "classes": {"EmitterConfig": {"executed_lines": [], "summary": {"covered_lines": 0, "num_statements": 0, "percent_covered": 100.0, "percent_covered_display": "100", "missing_lines": 0, "excluded_lines": 0}, "missing_lines": [], "excluded_lines": []}, "EmitResult": {"executed_lines": [], "summary": {"covered_lines": 0, "num_statements": 0, "percent_covered": 100.0, "percent_covered_display": "100", "missing_lines": 0, "excluded_lines": 0}, "missing_lines": [], "excluded_lines": []}, "Emitter": {"executed_lines": [], "summary": {"covered_lines": 0, "num_statements": 1, "percent_covered": 0.0, "percent_covered_display": "0", "missing_lines": 1, "excluded_lines": 23}, "missing_lines": [113], "excluded_lines": [71, 72, 73, 74, 75, 76, 81, 82, 83, 84, 85, 86, 92, 93, 94, 95, 96, 97, 98, 99, 100, 101, 102]}, "": {"executed_lines": [1, 9, 10, 11, 12, 14, 17, 18, 19, 31, 32, 33, 34, 35, 36, 37, 40, 41, 42, 51, 52, 53, 54, 57, 58, 68, 69, 70, 78, 79, 80, 88, 89, 104, 116], "summary": {"covered_lines": 23, "num_statements": 23, "percent_covered": 100.0, "percent_covered_display": "100", "missing_lines": 0, "excluded_lines": 10}, "missing_lines": [], "excluded_lines": [68, 69, 70, 78, 79, 80, 88, 89, 90, 91]}}}, "xaml_parser\\emitters\\ancestry_emitter.py": {"executed_lines": [], "summary": {"covered_lines": 0, "num_statements": 149, "percent_covered": 0.0, "percent_covered_display": "0", "missing_lines": 149, "excluded_lines": 0}, "missing_lines": [7, 8, 9, 10, 12, 13, 16, 19, 36, 37, 39, 54, 55, 58, 59, 60, 62, 65, 71, 86, 94, 95, 96, 97, 98, 99, 102, 103, 104, 107, 108, 110, 112, 113, 114, 116, 117, 120, 121, 122, 123, 125, 128, 129, 130, 131, 133, 134, 137, 140, 142, 143, 145, 148, 150, 151, 153, 156, 169, 170, 171, 172, 173, 174, 177, 178, 180, 190, 192, 202, 205, 206, 209, 211, 212, 214, 217, 219, 228, 229, 230, 231, 232, 233, 234, 236, 237, 238, 239, 240, 241, 242, 243, 244, 245, 246, 247, 249, 251, 254, 257, 264, 265, 267, 269, 272, 274, 275, 283, 284, 291, 293, 294, 299, 302, 315, 324, 325, 326, 329, 330, 331, 332, 333, 334, 336, 337, 339, 343, 346, 347, 348, 351, 352, 353, 356, 357, 358, 359, 360, 361, 363, 364, 366, 370, 373, 374, 376, 386], "excluded_lines": [], "functions": {"AncestryJsonEmitter.emit": {"executed_lines": [], "summary": {"covered_lines": 0, "num_statements": 9, "percent_covered": 0.0, "percent_covered_display": "0", "missing_lines": 9, "excluded_lines": 0}, "missing_lines": [36, 37, 39, 54, 55, 58, 59, 60, 62], "excluded_lines": []}, "AncestryMermaidEmitter.emit": {"executed_lines": [], "summary": {"covered_lines": 0, "num_statements": 47, "percent_covered": 0.0, "percent_covered_display": "0", "missing_lines": 47, "excluded_lines": 0}, "missing_lines": [86, 94, 95, 96, 97, 98, 99, 102, 103, 104, 107, 108, 110, 112, 113, 114, 116, 117, 120, 121, 122, 123, 125, 128, 129, 130, 131, 133, 134, 137, 140, 142, 143, 145, 148, 150, 151, 153, 156, 169, 170, 171, 172, 173, 174, 177, 178], "excluded_lines": []}, "AncestryMermaidEmitter._sanitize_id": {"executed_lines": [], "summary": {"covered_lines": 0, "num_statements": 1, "percent_covered": 0.0, "percent_covered_display": "0", "missing_lines": 1, "excluded_lines": 0}, "missing_lines": [190], "excluded_lines": []}, "AncestryMermaidEmitter._format_node": {"executed_lines": [], "summary": {"covered_lines": 0, "num_statements": 8, "percent_covered": 0.0, "percent_covered_display": "0", "missing_lines": 8, "excluded_lines": 0}, "missing_lines": [202, 205, 206, 209, 211, 212, 214, 217], "excluded_lines": []}, "AncestryMermaidEmitter._format_edge_label": {"executed_lines": [], "summary": {"covered_lines": 0, "num_statements": 21, "percent_covered": 0.0, "percent_covered_display": "0", "missing_lines": 21, "excluded_lines": 0}, "missing_lines": [228, 229, 230, 231, 232, 233, 234, 236, 237, 238, 239, 240, 241, 242, 243, 244, 245, 246, 247, 249, 251], "excluded_lines": []}, "AncestryGraphMLEmitter.emit": {"executed_lines": [], "summary": {"covered_lines": 0, "num_statements": 12, "percent_covered": 0.0, "percent_covered_display": "0", "missing_lines": 12, "excluded_lines": 0}, "missing_lines": [264, 265, 267, 269, 272, 274, 275, 283, 284, 291, 293, 294], "excluded_lines": []}, "AncestryDOTEmitter.emit": {"executed_lines": [], "summary": {"covered_lines": 0, "num_statements": 32, "percent_covered": 0.0, "percent_covered_display": "0", "missing_lines": 32, "excluded_lines": 0}, "missing_lines": [315, 324, 325, 326, 329, 330, 331, 332, 333, 334, 336, 337, 339, 343, 346, 347, 348, 351, 352, 353, 356, 357, 358, 359, 360, 361, 363, 364, 366, 370, 373, 374], "excluded_lines": []}, "AncestryDOTEmitter._sanitize_id": {"executed_lines": [], "summary": {"covered_lines": 0, "num_statements": 1, "percent_covered": 0.0, "percent_covered_display": "0", "missing_lines": 1, "excluded_lines": 0}, "missing_lines": [386], "excluded_lines": []}, "": {"executed_lines": [], "summary": {"covered_lines": 0, "num_statements": 18, "percent_covered": 0.0, "percent_covered_display": "0", "missing_lines": 18, "excluded_lines": 0}, "missing_lines": [7, 8, 9, 10, 12, 13, 16, 19, 65, 71, 180, 192, 219, 254, 257, 299, 302, 376], "excluded_lines": []}}, "classes": {"AncestryJsonEmitter": {"executed_lines": [], "summary": {"covered_lines": 0, "num_statements": 9, "percent_covered": 0.0, "percent_covered_display": "0", "missing_lines": 9, "excluded_lines": 0}, "missing_lines": [36, 37, 39, 54, 55, 58, 59, 60, 62], "excluded_lines": []}, "AncestryMermaidEmitter": {"executed_lines": [], "summary": {"covered_lines": 0, "num_statements": 77, "percent_covered": 0.0, "percent_covered_display": "0", "missing_lines": 77, "excluded_lines": 0}, "missing_lines": [86, 94, 95, 96, 97, 98, 99, 102, 103, 104, 107, 108, 110, 112, 113, 114, 116, 117, 120, 121, 122, 123, 125, 128, 129, 130, 131, 133, 134, 137, 140, 142, 143, 145, 148, 150, 151, 153, 156, 169, 170, 171, 172, 173, 174, 177, 178, 190, 202, 205, 206, 209, 211, 212, 214, 217, 228, 229, 230, 231, 232, 233, 234, 236, 237, 238, 239, 240, 241, 242, 243, 244, 245, 246, 247, 249, 251], "excluded_lines": []}, "AncestryGraphMLEmitter": {"executed_lines": [], "summary": {"covered_lines": 0, "num_statements": 12, "percent_covered": 0.0, "percent_covered_display": "0", "missing_lines": 12, "excluded_lines": 0}, "missing_lines": [264, 265, 267, 269, 272, 274, 275, 283, 284, 291, 293, 294], "excluded_lines": []}, "AncestryDOTEmitter": {"executed_lines": [], "summary": {"covered_lines": 0, "num_statements": 33, "percent_covered": 0.0, "percent_covered_display": "0", "missing_lines": 33, "excluded_lines": 0}, "missing_lines": [315, 324, 325, 326, 329, 330, 331, 332, 333, 334, 336, 337, 339, 343, 346, 347, 348, 351, 352, 353, 356, 357, 358, 359, 360, 361, 363, 364, 366, 370, 373, 374, 386], "excluded_lines": []}, "": {"executed_lines": [], "summary": {"covered_lines": 0, "num_statements": 18, "percent_covered": 0.0, "percent_covered_display": "0", "missing_lines": 18, "excluded_lines": 0}, "missing_lines": [7, 8, 9, 10, 12, 13, 16, 19, 65, 71, 180, 192, 219, 254, 257, 299, 302, 376], "excluded_lines": []}}}, "xaml_parser\\emitters\\doc_emitter.py": {"executed_lines": [1, 3, 4, 5, 7, 8, 14, 18, 19, 22, 23, 25, 34, 41, 42, 44, 51, 58, 59, 61, 63, 64, 66, 68, 81, 83, 84, 85, 87, 90, 91, 92, 93, 94, 95, 98, 99, 100, 101, 103, 112, 122, 123, 125, 135, 138, 139, 140, 143, 144, 145, 148, 149, 152, 154, 169, 179, 180, 182, 183, 185], "summary": {"covered_lines": 59, "num_statements": 69, "percent_covered": 85.5072463768116, "percent_covered_display": "86", "missing_lines": 10, "excluded_lines": 0}, "missing_lines": [15, 16, 35, 39, 109, 110, 194, 197, 198, 200], "excluded_lines": [], "functions": {"DocEmitter.__init__": {"executed_lines": [34, 41, 42, 44, 51], "summary": {"covered_lines": 5, "num_statements": 7, "percent_covered": 71.42857142857143, "percent_covered_display": "71", "missing_lines": 2, "excluded_lines": 0}, "missing_lines": [35, 39], "excluded_lines": []}, "DocEmitter.name": {"executed_lines": [61], "summary": {"covered_lines": 1, "num_statements": 1, "percent_covered": 100.0, "percent_covered_display": "100", "missing_lines": 0, "excluded_lines": 0}, "missing_lines": [], "excluded_lines": []}, "DocEmitter.output_extension": {"executed_lines": [66], "summary": {"covered_lines": 1, "num_statements": 1, "percent_covered": 100.0, "percent_covered_display": "100", "missing_lines": 0, "excluded_lines": 0}, "missing_lines": [], "excluded_lines": []}, "DocEmitter.emit": {"executed_lines": [81, 83, 84, 85, 87, 90, 91, 92, 93, 94, 95, 98, 99, 100, 101, 103], "summary": {"covered_lines": 16, "num_statements": 18, "percent_covered": 88.88888888888889, "percent_covered_display": "89", "missing_lines": 2, "excluded_lines": 0}, "missing_lines": [109, 110], "excluded_lines": []}, "DocEmitter._generate_workflow_doc": {"executed_lines": [122, 123], "summary": {"covered_lines": 2, "num_statements": 2, "percent_covered": 100.0, "percent_covered_display": "100", "missing_lines": 0, "excluded_lines": 0}, "missing_lines": [], "excluded_lines": []}, "DocEmitter._generate_index": {"executed_lines": [135, 138, 139, 140, 143, 144, 145, 148, 149, 152, 154], "summary": {"covered_lines": 11, "num_statements": 11, "percent_covered": 100.0, "percent_covered_display": "100", "missing_lines": 0, "excluded_lines": 0}, "missing_lines": [], "excluded_lines": []}, "DocEmitter._sanitize_filename": {"executed_lines": [179, 180, 182, 183], "summary": {"covered_lines": 4, "num_statements": 4, "percent_covered": 100.0, "percent_covered_display": "100", "missing_lines": 0, "excluded_lines": 0}, "missing_lines": [], "excluded_lines": []}, "DocEmitter.validate_config": {"executed_lines": [], "summary": {"covered_lines": 0, "num_statements": 4, "percent_covered": 0.0, "percent_covered_display": "0", "missing_lines": 4, "excluded_lines": 0}, "missing_lines": [194, 197, 198, 200], "excluded_lines": []}, "": {"executed_lines": [1, 3, 4, 5, 7, 8, 14, 18, 19, 22, 23, 25, 58, 59, 63, 64, 68, 112, 125, 169, 185], "summary": {"covered_lines": 19, "num_statements": 21, "percent_covered": 90.47619047619048, "percent_covered_display": "90", "missing_lines": 2, "excluded_lines": 0}, "missing_lines": [15, 16], "excluded_lines": []}}, "classes": {"DocEmitter": {"executed_lines": [34, 41, 42, 44, 51, 61, 66, 81, 83, 84, 85, 87, 90, 91, 92, 93, 94, 95, 98, 99, 100, 101, 103, 122, 123, 135, 138, 139, 140, 143, 144, 145, 148, 149, 152, 154, 179, 180, 182, 183], "summary": {"covered_lines": 40, "num_statements": 48, "percent_covered": 83.33333333333333, "percent_covered_display": "83", "missing_lines": 8, "excluded_lines": 0}, "missing_lines": [35, 39, 109, 110, 194, 197, 198, 200], "excluded_lines": []}, "": {"executed_lines": [1, 3, 4, 5, 7, 8, 14, 18, 19, 22, 23, 25, 58, 59, 63, 64, 68, 112, 125, 169, 185], "summary": {"covered_lines": 19, "num_statements": 21, "percent_covered": 90.47619047619048, "percent_covered_display": "90", "missing_lines": 2, "excluded_lines": 0}, "missing_lines": [15, 16], "excluded_lines": []}}}, "xaml_parser\\emitters\\json_emitter.py": {"executed_lines": [1, 13, 14, 15, 16, 17, 19, 20, 21, 24, 25, 30, 31, 37, 39, 40, 46, 48, 61, 62, 63, 65, 66, 67, 72, 86, 90, 100, 103, 104, 111, 116, 130, 132, 133, 135, 136, 138, 139, 142, 145, 146, 153, 158, 164, 175, 178, 180, 183, 185, 188, 189, 191, 193, 202, 203, 206, 207, 209, 211, 221, 222, 223, 224, 227, 230, 231, 234, 237], "summary": {"covered_lines": 67, "num_statements": 71, "percent_covered": 94.36619718309859, "percent_covered_display": "94", "missing_lines": 4, "excluded_lines": 0}, "missing_lines": [155, 156, 181, 232], "excluded_lines": [], "functions": {"JsonEmitter.name": {"executed_lines": [37], "summary": {"covered_lines": 1, "num_statements": 1, "percent_covered": 100.0, "percent_covered_display": "100", "missing_lines": 0, "excluded_lines": 0}, "missing_lines": [], "excluded_lines": []}, "JsonEmitter.output_extension": {"executed_lines": [46], "summary": {"covered_lines": 1, "num_statements": 1, "percent_covered": 100.0, "percent_covered_display": "100", "missing_lines": 0, "excluded_lines": 0}, "missing_lines": [], "excluded_lines": []}, "JsonEmitter.emit": {"executed_lines": [61, 62, 63, 65, 66, 67], "summary": {"covered_lines": 6, "num_statements": 6, "percent_covered": 100.0, "percent_covered_display": "100", "missing_lines": 0, "excluded_lines": 0}, "missing_lines": [], "excluded_lines": []}, "JsonEmitter._emit_combined": {"executed_lines": [86, 90, 100, 103, 104, 111], "summary": {"covered_lines": 6, "num_statements": 6, "percent_covered": 100.0, "percent_covered_display": "100", "missing_lines": 0, "excluded_lines": 0}, "missing_lines": [], "excluded_lines": []}, "JsonEmitter._emit_per_workflow": {"executed_lines": [130, 132, 133, 135, 136, 138, 139, 142, 145, 146, 153, 158], "summary": {"covered_lines": 12, "num_statements": 14, "percent_covered": 85.71428571428571, "percent_covered_display": "86", "missing_lines": 2, "excluded_lines": 0}, "missing_lines": [155, 156], "excluded_lines": []}, "JsonEmitter._to_dict": {"executed_lines": [175, 178, 180, 183, 185, 188, 189, 191], "summary": {"covered_lines": 8, "num_statements": 9, "percent_covered": 88.88888888888889, "percent_covered_display": "89", "missing_lines": 1, "excluded_lines": 0}, "missing_lines": [181], "excluded_lines": []}, "JsonEmitter._exclude_none": {"executed_lines": [202, 203, 206, 207, 209], "summary": {"covered_lines": 5, "num_statements": 5, "percent_covered": 100.0, "percent_covered_display": "100", "missing_lines": 0, "excluded_lines": 0}, "missing_lines": [], "excluded_lines": []}, "JsonEmitter._sanitize_filename": {"executed_lines": [221, 222, 223, 224, 227, 230, 231, 234], "summary": {"covered_lines": 8, "num_statements": 9, "percent_covered": 88.88888888888889, "percent_covered_display": "89", "missing_lines": 1, "excluded_lines": 0}, "missing_lines": [232], "excluded_lines": []}, "": {"executed_lines": [1, 13, 14, 15, 16, 17, 19, 20, 21, 24, 25, 30, 31, 39, 40, 48, 72, 116, 164, 193, 211, 237], "summary": {"covered_lines": 20, "num_statements": 20, "percent_covered": 100.0, "percent_covered_display": "100", "missing_lines": 0, "excluded_lines": 0}, "missing_lines": [], "excluded_lines": []}}, "classes": {"JsonEmitter": {"executed_lines": [37, 46, 61, 62, 63, 65, 66, 67, 86, 90, 100, 103, 104, 111, 130, 132, 133, 135, 136, 138, 139, 142, 145, 146, 153, 158, 175, 178, 180, 183, 185, 188, 189, 191, 202, 203, 206, 207, 209, 221, 222, 223, 224, 227, 230, 231, 234], "summary": {"covered_lines": 47, "num_statements": 51, "percent_covered": 92.15686274509804, "percent_covered_display": "92", "missing_lines": 4, "excluded_lines": 0}, "missing_lines": [155, 156, 181, 232], "excluded_lines": []}, "": {"executed_lines": [1, 13, 14, 15, 16, 17, 19, 20, 21, 24, 25, 30, 31, 39, 40, 48, 72, 116, 164, 193, 211, 237], "summary": {"covered_lines": 20, "num_statements": 20, "percent_covered": 100.0, "percent_covered_display": "100", "missing_lines": 0, "excluded_lines": 0}, "missing_lines": [], "excluded_lines": []}}}, "xaml_parser\\emitters\\mermaid_emitter.py": {"executed_lines": [1, 3, 4, 6, 7, 10, 11, 13, 14, 16, 18, 19, 23, 36, 38, 40, 41, 42, 45, 46, 47, 48, 49, 50, 52, 61, 63, 64, 65, 67, 77, 80, 81, 82, 83, 85, 87, 88, 91, 94, 97, 98, 99, 100, 102, 105, 106, 109, 111, 112, 114, 116, 119, 120, 123, 124, 126, 129, 130, 131, 133, 135, 145, 147, 148, 149, 151, 161, 163, 164, 166, 176, 179, 182, 183, 186, 188, 197, 200, 201, 204, 212, 215, 217, 226, 229, 233, 234, 239, 248, 250, 251, 252, 255, 256, 257, 260, 266, 267, 270, 274], "summary": {"covered_lines": 99, "num_statements": 109, "percent_covered": 90.8256880733945, "percent_covered_display": "91", "missing_lines": 10, "excluded_lines": 0}, "missing_lines": [21, 58, 59, 86, 115, 117, 230, 237, 271, 272], "excluded_lines": [], "functions": {"MermaidEmitter.name": {"executed_lines": [16], "summary": {"covered_lines": 1, "num_statements": 1, "percent_covered": 100.0, "percent_covered_display": "100", "missing_lines": 0, "excluded_lines": 0}, "missing_lines": [], "excluded_lines": []}, "MermaidEmitter.output_extension": {"executed_lines": [], "summary": {"covered_lines": 0, "num_statements": 1, "percent_covered": 0.0, "percent_covered_display": "0", "missing_lines": 1, "excluded_lines": 0}, "missing_lines": [21], "excluded_lines": []}, "MermaidEmitter.emit": {"executed_lines": [36, 38, 40, 41, 42, 45, 46, 47, 48, 49, 50, 52], "summary": {"covered_lines": 12, "num_statements": 14, "percent_covered": 85.71428571428571, "percent_covered_display": "86", "missing_lines": 2, "excluded_lines": 0}, "missing_lines": [58, 59], "excluded_lines": []}, "MermaidEmitter._emit_single": {"executed_lines": [63, 64, 65], "summary": {"covered_lines": 3, "num_statements": 3, "percent_covered": 100.0, "percent_covered_display": "100", "missing_lines": 0, "excluded_lines": 0}, "missing_lines": [], "excluded_lines": []}, "MermaidEmitter._generate_diagram": {"executed_lines": [77, 80, 81, 82, 83, 85, 87, 88, 91, 94, 97, 98, 99, 100, 102, 105, 106, 109, 111, 112, 114, 116, 119, 120, 123, 124, 126, 129, 130, 131, 133], "summary": {"covered_lines": 31, "num_statements": 34, "percent_covered": 91.17647058823529, "percent_covered_display": "91", "missing_lines": 3, "excluded_lines": 0}, "missing_lines": [86, 115, 117], "excluded_lines": []}, "MermaidEmitter._sanitize_id": {"executed_lines": [145, 147, 148, 149], "summary": {"covered_lines": 4, "num_statements": 4, "percent_covered": 100.0, "percent_covered_display": "100", "missing_lines": 0, "excluded_lines": 0}, "missing_lines": [], "excluded_lines": []}, "MermaidEmitter._sanitize_filename": {"executed_lines": [161, 163, 164], "summary": {"covered_lines": 3, "num_statements": 3, "percent_covered": 100.0, "percent_covered_display": "100", "missing_lines": 0, "excluded_lines": 0}, "missing_lines": [], "excluded_lines": []}, "MermaidEmitter._format_label": {"executed_lines": [176, 179, 182, 183, 186], "summary": {"covered_lines": 5, "num_statements": 5, "percent_covered": 100.0, "percent_covered_display": "100", "missing_lines": 0, "excluded_lines": 0}, "missing_lines": [], "excluded_lines": []}, "MermaidEmitter._get_node_shape": {"executed_lines": [197, 200, 201, 204, 212, 215], "summary": {"covered_lines": 6, "num_statements": 6, "percent_covered": 100.0, "percent_covered_display": "100", "missing_lines": 0, "excluded_lines": 0}, "missing_lines": [], "excluded_lines": []}, "MermaidEmitter._get_edge_style": {"executed_lines": [226, 229, 233, 234], "summary": {"covered_lines": 4, "num_statements": 6, "percent_covered": 66.66666666666667, "percent_covered_display": "67", "missing_lines": 2, "excluded_lines": 0}, "missing_lines": [230, 237], "excluded_lines": []}, "MermaidEmitter._generate_styling": {"executed_lines": [248, 250, 251, 252, 255, 256, 257, 260, 266, 267, 270, 274], "summary": {"covered_lines": 12, "num_statements": 14, "percent_covered": 85.71428571428571, "percent_covered_display": "86", "missing_lines": 2, "excluded_lines": 0}, "missing_lines": [271, 272], "excluded_lines": []}, "": {"executed_lines": [1, 3, 4, 6, 7, 10, 11, 13, 14, 18, 19, 23, 61, 67, 135, 151, 166, 188, 217, 239], "summary": {"covered_lines": 18, "num_statements": 18, "percent_covered": 100.0, "percent_covered_display": "100", "missing_lines": 0, "excluded_lines": 0}, "missing_lines": [], "excluded_lines": []}}, "classes": {"MermaidEmitter": {"executed_lines": [16, 36, 38, 40, 41, 42, 45, 46, 47, 48, 49, 50, 52, 63, 64, 65, 77, 80, 81, 82, 83, 85, 87, 88, 91, 94, 97, 98, 99, 100, 102, 105, 106, 109, 111, 112, 114, 116, 119, 120, 123, 124, 126, 129, 130, 131, 133, 145, 147, 148, 149, 161, 163, 164, 176, 179, 182, 183, 186, 197, 200, 201, 204, 212, 215, 226, 229, 233, 234, 248, 250, 251, 252, 255, 256, 257, 260, 266, 267, 270, 274], "summary": {"covered_lines": 81, "num_statements": 91, "percent_covered": 89.01098901098901, "percent_covered_display": "89", "missing_lines": 10, "excluded_lines": 0}, "missing_lines": [21, 58, 59, 86, 115, 117, 230, 237, 271, 272], "excluded_lines": []}, "": {"executed_lines": [1, 3, 4, 6, 7, 10, 11, 13, 14, 18, 19, 23, 61, 67, 135, 151, 166, 188, 217, 239], "summary": {"covered_lines": 18, "num_statements": 18, "percent_covered": 100.0, "percent_covered_display": "100", "missing_lines": 0, "excluded_lines": 0}, "missing_lines": [], "excluded_lines": []}}}, "xaml_parser\\emitters\\registry.py": {"executed_lines": [1, 9, 12, 13, 19, 21, 22, 32, 33, 35, 36, 38, 40, 41, 53, 54, 58, 59, 61, 62, 82, 83, 89, 91, 92, 97, 100], "summary": {"covered_lines": 25, "num_statements": 35, "percent_covered": 71.42857142857143, "percent_covered_display": "71", "missing_lines": 10, "excluded_lines": 0}, "missing_lines": [68, 69, 71, 72, 73, 74, 75, 77, 78, 80], "excluded_lines": [], "functions": {"EmitterRegistry.register": {"executed_lines": [32, 33, 35, 36, 38], "summary": {"covered_lines": 5, "num_statements": 5, "percent_covered": 100.0, "percent_covered_display": "100", "missing_lines": 0, "excluded_lines": 0}, "missing_lines": [], "excluded_lines": []}, "EmitterRegistry.get_emitter": {"executed_lines": [53, 54, 58, 59], "summary": {"covered_lines": 4, "num_statements": 4, "percent_covered": 100.0, "percent_covered_display": "100", "missing_lines": 0, "excluded_lines": 0}, "missing_lines": [], "excluded_lines": []}, "EmitterRegistry.discover_plugins": {"executed_lines": [], "summary": {"covered_lines": 0, "num_statements": 10, "percent_covered": 0.0, "percent_covered_display": "0", "missing_lines": 10, "excluded_lines": 0}, "missing_lines": [68, 69, 71, 72, 73, 74, 75, 77, 78, 80], "excluded_lines": []}, "EmitterRegistry.list_emitters": {"executed_lines": [89], "summary": {"covered_lines": 1, "num_statements": 1, "percent_covered": 100.0, "percent_covered_display": "100", "missing_lines": 0, "excluded_lines": 0}, "missing_lines": [], "excluded_lines": []}, "EmitterRegistry.clear": {"executed_lines": [97], "summary": {"covered_lines": 1, "num_statements": 1, "percent_covered": 100.0, "percent_covered_display": "100", "missing_lines": 0, "excluded_lines": 0}, "missing_lines": [], "excluded_lines": []}, "": {"executed_lines": [1, 9, 12, 13, 19, 21, 22, 40, 41, 61, 62, 82, 83, 91, 92, 100], "summary": {"covered_lines": 14, "num_statements": 14, "percent_covered": 100.0, "percent_covered_display": "100", "missing_lines": 0, "excluded_lines": 0}, "missing_lines": [], "excluded_lines": []}}, "classes": {"EmitterRegistry": {"executed_lines": [32, 33, 35, 36, 38, 53, 54, 58, 59, 89, 97], "summary": {"covered_lines": 11, "num_statements": 21, "percent_covered": 52.38095238095238, "percent_covered_display": "52", "missing_lines": 10, "excluded_lines": 0}, "missing_lines": [68, 69, 71, 72, 73, 74, 75, 77, 78, 80], "excluded_lines": []}, "": {"executed_lines": [1, 9, 12, 13, 19, 21, 22, 40, 41, 61, 62, 82, 83, 91, 92, 100], "summary": {"covered_lines": 14, "num_statements": 14, "percent_covered": 100.0, "percent_covered_display": "100", "missing_lines": 0, "excluded_lines": 0}, "missing_lines": [], "excluded_lines": []}}}, "xaml_parser\\expression_parser.py": {"executed_lines": [1, 7, 8, 11, 12, 13, 21, 24, 25, 28, 29, 30, 39, 40, 41, 42, 45, 46, 49, 179, 202, 205, 206, 207, 210, 211, 212, 215, 216, 217, 218, 219, 222, 223, 224, 225, 227, 229, 239, 241, 242, 243, 245, 254, 255, 256, 261, 266, 267, 268, 271, 273, 274, 282, 287, 288, 289, 290, 291, 293, 294, 297, 298, 300, 301, 310, 317, 320, 321, 324, 325, 326, 329, 334, 335, 340, 341, 342, 343, 368, 369, 381, 390, 391, 392, 395, 396, 397, 399, 400, 401, 402, 403, 404, 405, 406, 407, 408, 409, 411, 413, 414, 417, 418, 420, 421, 422, 423, 426, 427, 428, 432, 433, 434, 435, 436, 438, 447, 448, 456, 458, 471, 472, 475, 476, 477, 478, 480], "summary": {"covered_lines": 124, "num_statements": 128, "percent_covered": 96.875, "percent_covered_display": "97", "missing_lines": 4, "excluded_lines": 0}, "missing_lines": [327, 354, 355, 429], "excluded_lines": [], "functions": {"ExpressionParser.analyze": {"executed_lines": [202, 205, 206, 207, 210, 211, 212, 215, 216, 217, 218, 219, 222, 223, 224, 225, 227], "summary": {"covered_lines": 17, "num_statements": 17, "percent_covered": 100.0, "percent_covered_display": "100", "missing_lines": 0, "excluded_lines": 0}, "missing_lines": [], "excluded_lines": []}, "ExpressionParser._parse_simple_variable": {"executed_lines": [239, 241, 242, 243], "summary": {"covered_lines": 4, "num_statements": 4, "percent_covered": 100.0, "percent_covered_display": "100", "missing_lines": 0, "excluded_lines": 0}, "missing_lines": [], "excluded_lines": []}, "ExpressionParser._parse_complex_expression": {"executed_lines": [254, 255, 256, 261, 266, 267, 268, 271, 273, 274, 282, 287, 288, 289, 290, 291, 293, 294, 297, 298, 300, 301, 310, 317, 320, 321, 324, 325, 326, 329, 334, 335, 340, 341, 342, 343, 368, 369], "summary": {"covered_lines": 38, "num_statements": 41, "percent_covered": 92.6829268292683, "percent_covered_display": "93", "missing_lines": 3, "excluded_lines": 0}, "missing_lines": [327, 354, 355], "excluded_lines": []}, "ExpressionParser._parse_method_chain": {"executed_lines": [390, 391, 392, 395, 396, 397, 399, 400, 401, 402, 403, 404, 405, 406, 407, 408, 409, 411, 413, 414, 417, 418, 420, 421, 422, 423, 426, 427, 428, 432, 433, 434, 435, 436, 438, 447, 448, 456], "summary": {"covered_lines": 38, "num_statements": 39, "percent_covered": 97.43589743589743, "percent_covered_display": "97", "missing_lines": 1, "excluded_lines": 0}, "missing_lines": [429], "excluded_lines": []}, "ExpressionParser._extract_all_variables": {"executed_lines": [471, 472, 475, 476, 477, 478, 480], "summary": {"covered_lines": 7, "num_statements": 7, "percent_covered": 100.0, "percent_covered_display": "100", "missing_lines": 0, "excluded_lines": 0}, "missing_lines": [], "excluded_lines": []}, "": {"executed_lines": [1, 7, 8, 11, 12, 13, 21, 24, 25, 28, 29, 30, 39, 40, 41, 42, 45, 46, 49, 179, 229, 245, 381, 458], "summary": {"covered_lines": 20, "num_statements": 20, "percent_covered": 100.0, "percent_covered_display": "100", "missing_lines": 0, "excluded_lines": 0}, "missing_lines": [], "excluded_lines": []}}, "classes": {"Transformation": {"executed_lines": [], "summary": {"covered_lines": 0, "num_statements": 0, "percent_covered": 100.0, "percent_covered_display": "100", "missing_lines": 0, "excluded_lines": 0}, "missing_lines": [], "excluded_lines": []}, "ExpressionAnalysis": {"executed_lines": [], "summary": {"covered_lines": 0, "num_statements": 0, "percent_covered": 100.0, "percent_covered_display": "100", "missing_lines": 0, "excluded_lines": 0}, "missing_lines": [], "excluded_lines": []}, "ExpressionParser": {"executed_lines": [202, 205, 206, 207, 210, 211, 212, 215, 216, 217, 218, 219, 222, 223, 224, 225, 227, 239, 241, 242, 243, 254, 255, 256, 261, 266, 267, 268, 271, 273, 274, 282, 287, 288, 289, 290, 291, 293, 294, 297, 298, 300, 301, 310, 317, 320, 321, 324, 325, 326, 329, 334, 335, 340, 341, 342, 343, 368, 369, 390, 391, 392, 395, 396, 397, 399, 400, 401, 402, 403, 404, 405, 406, 407, 408, 409, 411, 413, 414, 417, 418, 420, 421, 422, 423, 426, 427, 428, 432, 433, 434, 435, 436, 438, 447, 448, 456, 471, 472, 475, 476, 477, 478, 480], "summary": {"covered_lines": 104, "num_statements": 108, "percent_covered": 96.29629629629629, "percent_covered_display": "96", "missing_lines": 4, "excluded_lines": 0}, "missing_lines": [327, 354, 355, 429], "excluded_lines": []}, "": {"executed_lines": [1, 7, 8, 11, 12, 13, 21, 24, 25, 28, 29, 30, 39, 40, 41, 42, 45, 46, 49, 179, 229, 245, 381, 458], "summary": {"covered_lines": 20, "num_statements": 20, "percent_covered": 100.0, "percent_covered_display": "100", "missing_lines": 0, "excluded_lines": 0}, "missing_lines": [], "excluded_lines": []}}}, "xaml_parser\\extractors.py": {"executed_lines": [1, 7, 8, 9, 11, 17, 18, 19, 22, 23, 25, 26, 28, 31, 32, 33, 35, 36, 37, 40, 41, 42, 43, 44, 46, 48, 49, 51, 52, 54, 55, 58, 59, 60, 61, 62, 65, 66, 67, 68, 69, 70, 73, 75, 84, 85, 87, 88, 90, 93, 94, 95, 96, 97, 99, 101, 102, 104, 105, 107, 108, 110, 111, 112, 114, 115, 118, 120, 122, 123, 125, 126, 130, 133, 134, 136, 138, 139, 140, 143, 144, 145, 147, 151, 152, 154, 156, 159, 160, 161, 162, 165, 166, 169, 172, 173, 174, 177, 180, 181, 183, 184, 186, 189, 190, 193, 194, 195, 198, 202, 206, 207, 208, 210, 212, 221, 222, 225, 228, 231, 234, 237, 238, 239, 241, 256, 260, 261, 264, 273, 275, 277, 278, 280, 282, 284, 286, 287, 289, 290, 292, 293, 295, 297, 299, 301, 302, 305, 309, 310, 313, 315, 316, 320, 322, 324, 326, 327, 328, 329, 331, 334, 335, 336, 338, 339, 340, 341, 343, 344, 346, 348, 352, 354, 355, 366, 368, 370, 373, 374, 375, 381, 384, 393, 395, 397, 398, 400, 402, 404, 406, 407, 408, 409, 410, 411, 417, 421, 422, 424, 425, 426, 427, 429, 446, 447, 451, 454, 456, 464, 465, 467, 469, 470, 471, 474, 475, 476, 482, 487, 489, 490, 491, 494, 495, 508, 509, 510, 511, 512, 513, 515, 516, 518, 519, 521, 535, 536, 537, 540, 541, 542, 545, 548, 551, 554, 557, 560, 563, 568, 571, 573, 599, 601, 604, 606, 612, 613, 615, 617, 619, 622, 646, 647, 648, 649, 651, 653, 655, 658, 660, 661, 662, 664, 666, 668, 670, 671, 674, 678, 679, 682, 684, 685, 689, 691, 693, 696, 697, 698, 701, 702, 703, 705, 707, 711, 714, 715, 716, 719, 720, 721, 722, 724, 726, 736, 745, 747, 749, 750, 752, 754, 756, 759, 760, 761, 762, 763, 764, 765, 767, 770, 771, 773, 774, 776, 777, 778, 780, 783, 784, 788, 789, 790, 791, 792, 794, 796, 797, 799, 800, 802, 805, 807, 808, 809, 811, 812, 813, 815, 817, 820, 821, 823, 824, 826, 828, 829, 832, 835, 837, 838, 849, 850, 851, 852, 853, 856, 860, 861, 862, 865, 867, 868, 874, 876, 878, 880, 882, 883, 884, 886, 888, 889, 895, 897, 899, 901, 903, 904, 905, 908, 909, 910, 911, 914], "summary": {"covered_lines": 390, "num_statements": 430, "percent_covered": 90.69767441860465, "percent_covered_display": "91", "missing_lines": 40, "excluded_lines": 0}, "missing_lines": [127, 128, 129, 199, 203, 306, 314, 318, 356, 357, 358, 364, 385, 391, 412, 413, 415, 477, 478, 479, 480, 497, 498, 499, 500, 501, 502, 503, 505, 675, 683, 687, 751, 785, 803, 830, 831, 833, 863, 912], "excluded_lines": [], "functions": {"ArgumentExtractor.extract_arguments": {"executed_lines": [28, 31, 32, 33, 35, 36, 37, 40, 41, 42, 43, 44, 46], "summary": {"covered_lines": 13, "num_statements": 13, "percent_covered": 100.0, "percent_covered_display": "100", "missing_lines": 0, "excluded_lines": 0}, "missing_lines": [], "excluded_lines": []}, "ArgumentExtractor._extract_single_argument": {"executed_lines": [51, 52, 54, 55, 58, 59, 60, 61, 62, 65, 66, 67, 68, 69, 70, 73, 75], "summary": {"covered_lines": 17, "num_statements": 17, "percent_covered": 100.0, "percent_covered_display": "100", "missing_lines": 0, "excluded_lines": 0}, "missing_lines": [], "excluded_lines": []}, "VariableExtractor.extract_variables": {"executed_lines": [90, 93, 94, 95, 96, 97, 99], "summary": {"covered_lines": 7, "num_statements": 7, "percent_covered": 100.0, "percent_covered_display": "100", "missing_lines": 0, "excluded_lines": 0}, "missing_lines": [], "excluded_lines": []}, "VariableExtractor._is_variable_element": {"executed_lines": [104, 105], "summary": {"covered_lines": 2, "num_statements": 2, "percent_covered": 100.0, "percent_covered_display": "100", "missing_lines": 0, "excluded_lines": 0}, "missing_lines": [], "excluded_lines": []}, "VariableExtractor._extract_single_variable": {"executed_lines": [110, 111, 112, 114, 115, 118, 120], "summary": {"covered_lines": 7, "num_statements": 7, "percent_covered": 100.0, "percent_covered_display": "100", "missing_lines": 0, "excluded_lines": 0}, "missing_lines": [], "excluded_lines": []}, "VariableExtractor._determine_scope": {"executed_lines": [125, 126, 130], "summary": {"covered_lines": 3, "num_statements": 6, "percent_covered": 50.0, "percent_covered_display": "50", "missing_lines": 3, "excluded_lines": 0}, "missing_lines": [127, 128, 129], "excluded_lines": []}, "ActivityExtractor.__init__": {"executed_lines": [138, 139, 140, 143, 144, 145], "summary": {"covered_lines": 6, "num_statements": 6, "percent_covered": 100.0, "percent_covered_display": "100", "missing_lines": 0, "excluded_lines": 0}, "missing_lines": [], "excluded_lines": []}, "ActivityExtractor.extract_activities": {"executed_lines": [151, 152, 154, 183, 184], "summary": {"covered_lines": 5, "num_statements": 5, "percent_covered": 100.0, "percent_covered_display": "100", "missing_lines": 0, "excluded_lines": 0}, "missing_lines": [], "excluded_lines": []}, "ActivityExtractor.extract_activities.process_element": {"executed_lines": [156, 159, 160, 161, 162, 165, 166, 169, 172, 173, 174, 177, 180, 181], "summary": {"covered_lines": 14, "num_statements": 14, "percent_covered": 100.0, "percent_covered_display": "100", "missing_lines": 0, "excluded_lines": 0}, "missing_lines": [], "excluded_lines": []}, "ActivityExtractor._is_activity": {"executed_lines": [189, 190, 193, 194, 195, 198, 202, 206, 207, 208, 210], "summary": {"covered_lines": 11, "num_statements": 13, "percent_covered": 84.61538461538461, "percent_covered_display": "85", "missing_lines": 2, "excluded_lines": 0}, "missing_lines": [199, 203], "excluded_lines": []}, "ActivityExtractor._extract_single_activity": {"executed_lines": [221, 222, 225, 228, 231, 234, 237, 238, 239, 241], "summary": {"covered_lines": 10, "num_statements": 10, "percent_covered": 100.0, "percent_covered_display": "100", "missing_lines": 0, "excluded_lines": 0}, "missing_lines": [], "excluded_lines": []}, "ActivityExtractor._categorize_attributes": {"executed_lines": [260, 261, 264, 273, 275, 277, 278, 280, 282], "summary": {"covered_lines": 9, "num_statements": 9, "percent_covered": 100.0, "percent_covered_display": "100", "missing_lines": 0, "excluded_lines": 0}, "missing_lines": [], "excluded_lines": []}, "ActivityExtractor._extract_annotation": {"executed_lines": [286, 287, 289, 290, 292, 293, 295], "summary": {"covered_lines": 7, "num_statements": 7, "percent_covered": 100.0, "percent_covered_display": "100", "missing_lines": 0, "excluded_lines": 0}, "missing_lines": [], "excluded_lines": []}, "ActivityExtractor._extract_configuration": {"executed_lines": [299, 301, 302, 305, 309, 310, 313, 315, 316, 320], "summary": {"covered_lines": 10, "num_statements": 13, "percent_covered": 76.92307692307692, "percent_covered_display": "77", "missing_lines": 3, "excluded_lines": 0}, "missing_lines": [306, 314, 318], "excluded_lines": []}, "ActivityExtractor._extract_nested_element": {"executed_lines": [324, 326, 327, 328, 329, 331, 334, 335, 336, 338, 339, 340, 341, 343, 344, 346], "summary": {"covered_lines": 16, "num_statements": 16, "percent_covered": 100.0, "percent_covered_display": "100", "missing_lines": 0, "excluded_lines": 0}, "missing_lines": [], "excluded_lines": []}, "ActivityExtractor._extract_activity_variables": {"executed_lines": [352, 354, 355, 366], "summary": {"covered_lines": 4, "num_statements": 8, "percent_covered": 50.0, "percent_covered_display": "50", "missing_lines": 4, "excluded_lines": 0}, "missing_lines": [356, 357, 358, 364], "excluded_lines": []}, "ActivityExtractor._extract_expressions": {"executed_lines": [370, 373, 374, 375, 381, 384, 393], "summary": {"covered_lines": 7, "num_statements": 9, "percent_covered": 77.77777777777777, "percent_covered_display": "78", "missing_lines": 2, "excluded_lines": 0}, "missing_lines": [385, 391], "excluded_lines": []}, "ActivityExtractor._is_expression": {"executed_lines": [397, 398, 400], "summary": {"covered_lines": 3, "num_statements": 3, "percent_covered": 100.0, "percent_covered_display": "100", "missing_lines": 0, "excluded_lines": 0}, "missing_lines": [], "excluded_lines": []}, "ActivityExtractor._classify_expression": {"executed_lines": [404, 406, 407, 408, 409, 410, 411], "summary": {"covered_lines": 7, "num_statements": 10, "percent_covered": 70.0, "percent_covered_display": "70", "missing_lines": 3, "excluded_lines": 0}, "missing_lines": [412, 413, 415], "excluded_lines": []}, "ActivityExtractor._update_parent_child_relationships": {"executed_lines": [421, 422, 424, 425, 426, 427], "summary": {"covered_lines": 6, "num_statements": 6, "percent_covered": 100.0, "percent_covered_display": "100", "missing_lines": 0, "excluded_lines": 0}, "missing_lines": [], "excluded_lines": []}, "ActivityExtractor.extract_activity_instances": {"executed_lines": [446, 447, 451, 454, 456, 518, 519], "summary": {"covered_lines": 7, "num_statements": 7, "percent_covered": 100.0, "percent_covered_display": "100", "missing_lines": 0, "excluded_lines": 0}, "missing_lines": [], "excluded_lines": []}, "ActivityExtractor.extract_activity_instances.process_element": {"executed_lines": [464, 465, 467, 469, 470, 471, 474, 475, 476, 482, 487, 489, 490, 491, 494, 495, 508, 509, 510, 511, 512, 513, 515, 516], "summary": {"covered_lines": 24, "num_statements": 36, "percent_covered": 66.66666666666667, "percent_covered_display": "67", "missing_lines": 12, "excluded_lines": 0}, "missing_lines": [477, 478, 479, 480, 497, 498, 499, 500, 501, 502, 503, 505], "excluded_lines": []}, "ActivityExtractor._extract_single_activity_instance": {"executed_lines": [535, 536, 537, 540, 541, 542, 545, 548, 551, 554, 557, 560, 563, 568, 571, 573], "summary": {"covered_lines": 16, "num_statements": 16, "percent_covered": 100.0, "percent_covered_display": "100", "missing_lines": 0, "excluded_lines": 0}, "missing_lines": [], "excluded_lines": []}, "ActivityExtractor._extract_activity_arguments": {"executed_lines": [601, 604, 606, 612, 613, 615], "summary": {"covered_lines": 6, "num_statements": 6, "percent_covered": 100.0, "percent_covered_display": "100", "missing_lines": 0, "excluded_lines": 0}, "missing_lines": [], "excluded_lines": []}, "ActivityExtractor._extract_visible_properties": {"executed_lines": [619, 622, 646, 647, 648, 649, 651], "summary": {"covered_lines": 7, "num_statements": 7, "percent_covered": 100.0, "percent_covered_display": "100", "missing_lines": 0, "excluded_lines": 0}, "missing_lines": [], "excluded_lines": []}, "ActivityExtractor._extract_activity_metadata": {"executed_lines": [655, 658, 660, 661, 662, 664], "summary": {"covered_lines": 6, "num_statements": 6, "percent_covered": 100.0, "percent_covered_display": "100", "missing_lines": 0, "excluded_lines": 0}, "missing_lines": [], "excluded_lines": []}, "ActivityExtractor._extract_nested_configuration": {"executed_lines": [668, 670, 671, 674, 678, 679, 682, 684, 685, 689], "summary": {"covered_lines": 10, "num_statements": 13, "percent_covered": 76.92307692307692, "percent_covered_display": "77", "missing_lines": 3, "excluded_lines": 0}, "missing_lines": [675, 683, 687], "excluded_lines": []}, "ActivityExtractor._extract_business_logic_expressions": {"executed_lines": [693, 696, 697, 698, 701, 702, 703, 705], "summary": {"covered_lines": 8, "num_statements": 8, "percent_covered": 100.0, "percent_covered_display": "100", "missing_lines": 0, "excluded_lines": 0}, "missing_lines": [], "excluded_lines": []}, "ActivityExtractor._extract_variable_references": {"executed_lines": [711, 714, 715, 716, 719, 720, 721, 722, 724], "summary": {"covered_lines": 9, "num_statements": 9, "percent_covered": 100.0, "percent_covered_display": "100", "missing_lines": 0, "excluded_lines": 0}, "missing_lines": [], "excluded_lines": []}, "ActivityExtractor._serialize_activity_for_hashing": {"executed_lines": [736, 745], "summary": {"covered_lines": 2, "num_statements": 2, "percent_covered": 100.0, "percent_covered_display": "100", "missing_lines": 0, "excluded_lines": 0}, "missing_lines": [], "excluded_lines": []}, "ActivityExtractor._determine_container_type": {"executed_lines": [749, 750, 752], "summary": {"covered_lines": 3, "num_statements": 4, "percent_covered": 75.0, "percent_covered_display": "75", "missing_lines": 1, "excluded_lines": 0}, "missing_lines": [751], "excluded_lines": []}, "ActivityExtractor._precompute_namespace_cache": {"executed_lines": [756, 759, 760, 761, 762, 763, 764, 765, 767], "summary": {"covered_lines": 9, "num_statements": 9, "percent_covered": 100.0, "percent_covered_display": "100", "missing_lines": 0, "excluded_lines": 0}, "missing_lines": [], "excluded_lines": []}, "AnnotationExtractor.extract_root_annotation": {"executed_lines": [776, 777, 778, 780, 783, 784, 788, 789, 790, 791, 792, 794], "summary": {"covered_lines": 12, "num_statements": 13, "percent_covered": 92.3076923076923, "percent_covered_display": "92", "missing_lines": 1, "excluded_lines": 0}, "missing_lines": [785], "excluded_lines": []}, "AnnotationExtractor.extract_all_annotations": {"executed_lines": [799, 800, 802, 805, 807, 808, 809, 811, 812, 813, 815, 817], "summary": {"covered_lines": 12, "num_statements": 13
[...]
 "0", "missing_lines": 17, "excluded_lines": 0}, "missing_lines": [398, 418, 428, 429, 430, 431, 432, 433, 434, 437, 438, 439, 440, 441, 442, 443, 445], "excluded_lines": []}, "ActivityUtils": {"executed_lines": [471, 474, 477, 489, 492, 495, 496, 499, 500, 503, 504, 506, 518, 521, 525, 526, 530, 531, 534, 535, 539, 540, 543, 544, 570, 571, 574, 586, 589, 599, 600, 601, 602, 604, 607, 608, 612, 613], "summary": {"covered_lines": 38, "num_statements": 57, "percent_covered": 66.66666666666667, "percent_covered_display": "67", "missing_lines": 19, "excluded_lines": 0}, "missing_lines": [490, 519, 572, 605, 609, 610, 625, 628, 643, 644, 647, 659, 662, 666, 669, 673, 676, 680, 682], "excluded_lines": []}, "": {"executed_lines": [1, 7, 8, 9, 10, 11, 14, 15, 17, 18, 39, 40, 52, 53, 73, 74, 88, 89, 101, 102, 104, 105, 129, 130, 157, 158, 169, 170, 187, 188, 190, 191, 220, 221, 245, 246, 267, 268, 295, 296, 298, 299, 319, 320, 345, 346, 365, 366, 385, 386, 388, 389, 408, 409, 448, 449, 451, 452, 479, 480, 508, 509, 576, 577, 615, 616], "summary": {"covered_lines": 59, "num_statements": 59, "percent_covered": 100.0, "percent_covered_display": "100", "missing_lines": 0, "excluded_lines": 0}, "missing_lines": [], "excluded_lines": []}}}, "xaml_parser\\validation.py": {"executed_lines": [1, 7, 8, 9, 11, 14, 15, 17, 27, 28, 29, 32, 33, 35, 41, 42, 43, 44, 46, 55, 58, 59, 61, 63, 64, 66, 68, 71, 72, 75, 76, 77, 80, 81, 82, 85, 86, 87, 89, 91, 100, 103, 106, 107, 108, 110, 113, 114, 115, 117, 120, 121, 122, 123, 126, 128, 129, 134, 136, 137, 142, 144, 150, 152, 161, 164, 177, 178, 179, 180, 183, 185, 191, 194, 195, 196, 197, 198, 200, 202, 211, 214, 226, 227, 228, 231, 232, 233, 236, 237, 238, 240, 242, 244, 246, 247, 249, 252, 253, 255, 257, 259, 261, 264, 267, 274, 276, 278, 280, 285, 287, 290, 291, 292, 293, 294, 296, 299, 300, 301, 305, 306, 307, 311, 316, 319, 320, 321, 322, 324, 326, 344, 347, 350, 351, 352, 355, 368, 369, 371, 372, 376], "summary": {"covered_lines": 139, "num_statements": 162, "percent_covered": 85.80246913580247, "percent_covered_display": "86", "missing_lines": 23, "excluded_lines": 0}, "missing_lines": [62, 67, 69, 104, 111, 118, 127, 135, 143, 145, 184, 188, 192, 250, 262, 265, 272, 288, 302, 308, 335, 336, 337], "excluded_lines": [], "functions": {"ValidationError.__init__": {"executed_lines": [27, 28, 29], "summary": {"covered_lines": 3, "num_statements": 3, "percent_covered": 100.0, "percent_covered_display": "100", "missing_lines": 0, "excluded_lines": 0}, "missing_lines": [], "excluded_lines": []}, "OutputValidator.__init__": {"executed_lines": [41, 42, 43, 44], "summary": {"covered_lines": 4, "num_statements": 4, "percent_covered": 100.0, "percent_covered_display": "100", "missing_lines": 0, "excluded_lines": 0}, "missing_lines": [], "excluded_lines": []}, "OutputValidator.validate_parse_result": {"executed_lines": [55, 58, 59, 61, 63, 64, 66, 68, 71, 72, 75, 76, 77, 80, 81, 82, 85, 86, 87, 89], "summary": {"covered_lines": 20, "num_statements": 23, "percent_covered": 86.95652173913044, "percent_covered_display": "87", "missing_lines": 3, "excluded_lines": 0}, "missing_lines": [62, 67, 69], "excluded_lines": []}, "OutputValidator.validate_workflow_content": {"executed_lines": [100, 103, 106, 107, 108, 110, 113, 114, 115, 117, 120, 121, 122, 123, 126, 128, 129, 134, 136, 137, 142, 144, 150], "summary": {"covered_lines": 23, "num_statements": 30, "percent_covered": 76.66666666666667, "percent_covered_display": "77", "missing_lines": 7, "excluded_lines": 0}, "missing_lines": [104, 111, 118, 127, 135, 143, 145], "excluded_lines": []}, "OutputValidator.validate_diagnostics": {"executed_lines": [161, 164, 177, 178, 179, 180, 183, 185, 191, 194, 195, 196, 197, 198, 200], "summary": {"covered_lines": 15, "num_statements": 18, "percent_covered": 83.33333333333333, "percent_covered_display": "83", "missing_lines": 3, "excluded_lines": 0}, "missing_lines": [184, 188, 192], "excluded_lines": []}, "OutputValidator.validate_config": {"executed_lines": [211, 214, 226, 227, 228, 231, 232, 233, 236, 237, 238, 240], "summary": {"covered_lines": 12, "num_statements": 12, "percent_covered": 100.0, "percent_covered_display": "100", "missing_lines": 0, "excluded_lines": 0}, "missing_lines": [], "excluded_lines": []}, "OutputValidator._validate_argument": {"executed_lines": [244, 246, 247, 249, 252, 253, 255], "summary": {"covered_lines": 7, "num_statements": 8, "percent_covered": 87.5, "percent_covered_display": "88", "missing_lines": 1, "excluded_lines": 0}, "missing_lines": [250], "excluded_lines": []}, "OutputValidator._validate_variable": {"executed_lines": [259, 261, 264, 267, 274], "summary": {"covered_lines": 5, "num_statements": 8, "percent_covered": 62.5, "percent_covered_display": "62", "missing_lines": 3, "excluded_lines": 0}, "missing_lines": [262, 265, 272], "excluded_lines": []}, "OutputValidator._validate_activity": {"executed_lines": [278, 280, 285, 287, 290, 291, 292, 293, 294, 296, 299, 300, 301, 305, 306, 307, 311, 316, 319, 320, 321, 322, 324], "summary": {"covered_lines": 23, "num_statements": 26, "percent_covered": 88.46153846153847, "percent_covered_display": "88", "missing_lines": 3, "excluded_lines": 0}, "missing_lines": [288, 302, 308], "excluded_lines": []}, "OutputValidator.validate_and_raise": {"executed_lines": [], "summary": {"covered_lines": 0, "num_statements": 3, "percent_covered": 0.0, "percent_covered_display": "0", "missing_lines": 3, "excluded_lines": 0}, "missing_lines": [335, 336, 337], "excluded_lines": []}, "get_validator": {"executed_lines": [350, 351, 352], "summary": {"covered_lines": 3, "num_statements": 3, "percent_covered": 100.0, "percent_covered_display": "100", "missing_lines": 0, "excluded_lines": 0}, "missing_lines": [], "excluded_lines": []}, "validate_output": {"executed_lines": [368, 369, 371, 372, 376], "summary": {"covered_lines": 5, "num_statements": 5, "percent_covered": 100.0, "percent_covered_display": "100", "missing_lines": 0, "excluded_lines": 0}, "missing_lines": [], "excluded_lines": []}, "": {"executed_lines": [1, 7, 8, 9, 11, 14, 15, 17, 32, 33, 35, 46, 91, 152, 202, 242, 257, 276, 326, 344, 347, 355], "summary": {"covered_lines": 19, "num_statements": 19, "percent_covered": 100.0, "percent_covered_display": "100", "missing_lines": 0, "excluded_lines": 0}, "missing_lines": [], "excluded_lines": []}}, "classes": {"ValidationError": {"executed_lines": [27, 28, 29], "summary": {"covered_lines": 3, "num_statements": 3, "percent_covered": 100.0, "percent_covered_display": "100", "missing_lines": 0, "excluded_lines": 0}, "missing_lines": [], "excluded_lines": []}, "OutputValidator": {"executed_lines": [41, 42, 43, 44, 55, 58, 59, 61, 63, 64, 66, 68, 71, 72, 75, 76, 77, 80, 81, 82, 85, 86, 87, 89, 100, 103, 106, 107, 108, 110, 113, 114, 115, 117, 120, 121, 122, 123, 126, 128, 129, 134, 136, 137, 142, 144, 150, 161, 164, 177, 178, 179, 180, 183, 185, 191, 194, 195, 196, 197, 198, 200, 211, 214, 226, 227, 228, 231, 232, 233, 236, 237, 238, 240, 244, 246, 247, 249, 252, 253, 255, 259, 261, 264, 267, 274, 278, 280, 285, 287, 290, 291, 292, 293, 294, 296, 299, 300, 301, 305, 306, 307, 311, 316, 319, 320, 321, 322, 324], "summary": {"covered_lines": 109, "num_statements": 132, "percent_covered": 82.57575757575758, "percent_covered_display": "83", "missing_lines": 23, "excluded_lines": 0}, "missing_lines": [62, 67, 69, 104, 111, 118, 127, 135, 143, 145, 184, 188, 192, 250, 262, 265, 272, 288, 302, 308, 335, 336, 337], "excluded_lines": []}, "": {"executed_lines": [1, 7, 8, 9, 11, 14, 15, 17, 32, 33, 35, 46, 91, 152, 202, 242, 257, 276, 326, 344, 347, 350, 351, 352, 355, 368, 369, 371, 372, 376], "summary": {"covered_lines": 27, "num_statements": 27, "percent_covered": 100.0, "percent_covered_display": "100", "missing_lines": 0, "excluded_lines": 0}, "missing_lines": [], "excluded_lines": []}}}, "xaml_parser\\views.py": {"executed_lines": [1, 14, 15, 16, 18, 19, 20, 22, 25, 26, 31, 36, 37, 47, 54, 55, 57, 60, 61, 64, 67, 68, 70, 71, 72, 75, 76, 77, 80, 81, 82, 85, 86, 89, 100, 108, 112, 113, 114, 115, 117, 119, 128, 131, 133, 134, 136, 138, 151, 152, 154, 155, 156, 157, 160, 161, 162, 163, 164, 167, 168, 169, 170, 173, 174, 181, 183, 187, 188, 189, 192, 195, 200, 203, 204, 207, 208, 209, 210, 212, 214, 216, 217, 218, 222, 223, 229, 237, 238, 239, 241, 244, 245, 248, 249, 250, 253, 254, 256, 259, 261, 264, 268, 269, 270, 271, 274, 275, 276, 279, 280, 283, 295, 297, 298, 299, 301, 310, 311, 313, 314, 315, 316, 319, 320, 321, 322, 323, 326, 327, 328, 329, 332, 333, 340, 342, 346, 347, 351, 352, 357, 358, 361, 362, 365, 366, 367, 368, 370, 372, 374, 375, 376, 380, 381, 386, 394, 395, 396, 398, 401, 402, 405, 407, 408, 411, 412, 416, 419, 422, 424, 441, 443, 444, 446, 447, 448, 449, 451, 452, 453, 456, 457, 459, 461, 463, 465, 466, 467, 469, 471, 472, 473, 474, 475, 477], "summary": {"covered_lines": 191, "num_statements": 204, "percent_covered": 93.62745098039215, "percent_covered_display": "94", "missing_lines": 13, "excluded_lines": 0}, "missing_lines": [33, 73, 87, 109, 184, 219, 260, 281, 343, 348, 377, 413, 454], "excluded_lines": [], "functions": {"View.render": {"executed_lines": [], "summary": {"covered_lines": 0, "num_statements": 1, "percent_covered": 0.0, "percent_covered_display": "0", "missing_lines": 1, "excluded_lines": 0}, "missing_lines": [33], "excluded_lines": []}, "NestedView.__init__": {"executed_lines": [54, 55], "summary": {"covered_lines": 2, "num_statements": 2, "percent_covered": 100.0, "percent_covered_display": "100", "missing_lines": 0, "excluded_lines": 0}, "missing_lines": [], "excluded_lines": []}, "NestedView.render": {"executed_lines": [60, 61, 64, 67, 68, 70, 71, 72, 75, 76, 77, 80, 81, 82, 85, 86, 89], "summary": {"covered_lines": 17, "num_statements": 19, "percent_covered": 89.47368421052632, "percent_covered_display": "89", "missing_lines": 2, "excluded_lines": 0}, "missing_lines": [73, 87], "excluded_lines": []}, "NestedView._find_starting_workflows": {"executed_lines": [108, 112, 113, 114, 115, 117], "summary": {"covered_lines": 6, "num_statements": 7, "percent_covered": 85.71428571428571, "percent_covered_display": "86", "missing_lines": 1, "excluded_lines": 0}, "missing_lines": [109], "excluded_lines": []}, "NestedView._build_nested_workflow": {"executed_lines": [128, 131, 133, 134, 136], "summary": {"covered_lines": 5, "num_statements": 5, "percent_covered": 100.0, "percent_covered_display": "100", "missing_lines": 0, "excluded_lines": 0}, "missing_lines": [], "excluded_lines": []}, "NestedView._build_nested_activities": {"executed_lines": [151, 152, 154, 155, 156, 157, 160, 161, 162, 163, 164, 167, 168, 169, 170, 173, 174, 181, 183, 187, 188, 189, 192, 195, 200, 203, 204, 207, 208, 209, 210, 212], "summary": {"covered_lines": 32, "num_statements": 33, "percent_covered": 96.96969696969697, "percent_covered_display": "97", "missing_lines": 1, "excluded_lines": 0}, "missing_lines": [184], "excluded_lines": []}, "NestedView._find_callee_for_activity": {"executed_lines": [216, 217, 218], "summary": {"covered_lines": 3, "num_statements": 4, "percent_covered": 75.0, "percent_covered_display": "75", "missing_lines": 1, "excluded_lines": 0}, "missing_lines": [219], "excluded_lines": []}, "ExecutionView.__init__": {"executed_lines": [237, 238, 239], "summary": {"covered_lines": 3, "num_statements": 3, "percent_covered": 100.0, "percent_covered_display": "100", "missing_lines": 0, "excluded_lines": 0}, "missing_lines": [], "excluded_lines": []}, "ExecutionView.render": {"executed_lines": [244, 245, 248, 249, 250, 253, 254, 256, 259, 261, 264, 268, 269, 270, 271, 274, 275, 276, 279, 280, 283], "summary": {"covered_lines": 21, "num_statements": 23, "percent_covered": 91.30434782608695, "percent_covered_display": "91", "missing_lines": 2, "excluded_lines": 0}, "missing_lines": [260, 281], "excluded_lines": []}, "ExecutionView._resolve_entry_point": {"executed_lines": [297, 298, 299], "summary": {"covered_lines": 3, "num_statements": 3, "percent_covered": 100.0, "percent_covered_display": "100", "missing_lines": 0, "excluded_lines": 0}, "missing_lines": [], "excluded_lines": []}, "ExecutionView._build_nested_activities": {"executed_lines": [310, 311, 313, 314, 315, 316, 319, 320, 321, 322, 323, 326, 327, 328, 329, 332, 333, 340, 342, 346, 347, 351, 352, 357, 358, 361, 362, 365, 366, 367, 368, 370], "summary": {"covered_lines": 32, "num_statements": 34, "percent_covered": 94.11764705882354, "percent_covered_display": "94", "missing_lines": 2, "excluded_lines": 0}, "missing_lines": [343, 348], "excluded_lines": []}, "ExecutionView._find_callee_for_activity": {"executed_lines": [374, 375, 376], "summary": {"covered_lines": 3, "num_statements": 4, "percent_covered": 75.0, "percent_covered_display": "75", "missing_lines": 1, "excluded_lines": 0}, "missing_lines": [377], "excluded_lines": []}, "SliceView.__init__": {"executed_lines": [394, 395, 396], "summary": {"covered_lines": 3, "num_statements": 3, "percent_covered": 100.0, "percent_covered_display": "100", "missing_lines": 0, "excluded_lines": 0}, "missing_lines": [], "excluded_lines": []}, "SliceView.render": {"executed_lines": [401, 402, 405, 407, 408, 411, 412, 416, 419, 422, 424], "summary": {"covered_lines": 11, "num_statements": 12, "percent_covered": 91.66666666666667, "percent_covered_display": "92", "missing_lines": 1, "excluded_lines": 0}, "missing_lines": [413], "excluded_lines": []}, "SliceView._build_parent_chain": {"executed_lines": [443, 444, 446, 447, 448, 449, 451, 452, 453, 456, 457, 459], "summary": {"covered_lines": 12, "num_statements": 13, "percent_covered": 92.3076923076923, "percent_covered_display": "92", "missing_lines": 1, "excluded_lines": 0}, "missing_lines": [454], "excluded_lines": []}, "SliceView._get_siblings": {"executed_lines": [463, 465, 466, 467, 469, 471, 472, 473, 474, 475, 477], "summary": {"covered_lines": 11, "num_statements": 11, "percent_covered": 100.0, "percent_covered_display": "100", "missing_lines": 0, "excluded_lines": 0}, "missing_lines": [], "excluded_lines": []}, "": {"executed_lines": [1, 14, 15, 16, 18, 19, 20, 22, 25, 26, 31, 36, 37, 47, 57, 100, 119, 138, 214, 222, 223, 229, 241, 295, 301, 372, 380, 381, 386, 398, 441, 461], "summary": {"covered_lines": 27, "num_statements": 27, "percent_covered": 100.0, "percent_covered_display": "100", "missing_lines": 0, "excluded_lines": 0}, "missing_lines": [], "excluded_lines": []}}, "classes": {"View": {"executed_lines": [], "summary": {"covered_lines": 0, "num_statements": 1, "percent_covered": 0.0, "percent_covered_display": "0", "missing_lines": 1, "excluded_lines": 0}, "missing_lines": [33], "excluded_lines": []}, "NestedView": {"executed_lines": [54, 55, 60, 61, 64, 67, 68, 70, 71, 72, 75, 76, 77, 80, 81, 82, 85, 86, 89, 108, 112, 113, 114, 115, 117, 128, 131, 133, 134, 136, 151, 152, 154, 155, 156, 157, 160, 161, 162, 163, 164, 167, 168, 169, 170, 173, 174, 181, 183, 187, 188, 189, 192, 195, 200, 203, 204, 207, 208, 209, 210, 212, 216, 217, 218], "summary": {"covered_lines": 65, "num_statements": 70, "percent_covered": 92.85714285714286, "percent_covered_display": "93", "missing_lines": 5, "excluded_lines": 0}, "missing_lines": [73, 87, 109, 184, 219], "excluded_lines": []}, "ExecutionView": {"executed_lines": [237, 238, 239, 244, 245, 248, 249, 250, 253, 254, 256, 259, 261, 264, 268, 269, 270, 271, 274, 275, 276, 279, 280, 283, 297, 298, 299, 310, 311, 313, 314, 315, 316, 319, 320, 321, 322, 323, 326, 327, 328, 329, 332, 333, 340, 342, 346, 347, 351, 352, 357, 358, 361, 362, 365, 366, 367, 368, 370, 374, 375, 376], "summary": {"covered_lines": 62, "num_statements": 67, "percent_covered": 92.53731343283582, "percent_covered_display": "93", "missing_lines": 5, "excluded_lines": 0}, "missing_lines": [260, 281, 343, 348, 377], "excluded_lines": []}, "SliceView": {"executed_lines": [394, 395, 396, 401, 402, 405, 407, 408, 411, 412, 416, 419, 422, 424, 443, 444, 446, 447, 448, 449, 451, 452, 453, 456, 457, 459, 463, 465, 466, 467, 469, 471, 472, 473, 474, 475, 477], "summary": {"covered_lines": 37, "num_statements": 39, "percent_covered": 94.87179487179488, "percent_covered_display": "95", "missing_lines": 2, "excluded_lines": 0}, "missing_lines": [413, 454], "excluded_lines": []}, "": {"executed_lines": [1, 14, 15, 16, 18, 19, 20, 22, 25, 26, 31, 36, 37, 47, 57, 100, 119, 138, 214, 222, 223, 229, 241, 295, 301, 372, 380, 381, 386, 398, 441, 461], "summary": {"covered_lines": 27, "num_statements": 27, "percent_covered": 100.0, "percent_covered_display": "100", "missing_lines": 0, "excluded_lines": 0}, "missing_lines": [], "excluded_lines": []}}}, "xaml_parser\\visibility.py": {"executed_lines": [1, 7, 11, 35, 49, 63, 66, 75, 78, 82, 83, 86, 87, 91, 94, 97, 106, 108, 109, 110, 114, 115, 117, 118, 121, 146, 181], "summary": {"covered_lines": 26, "num_statements": 50, "percent_covered": 52.0, "percent_covered_display": "52", "missing_lines": 24, "excluded_lines": 0}, "missing_lines": [79, 92, 130, 131, 133, 135, 136, 139, 140, 141, 143, 157, 166, 167, 170, 171, 174, 175, 178, 190, 192, 193, 194, 196], "excluded_lines": [], "functions": {"get_local_tag": {"executed_lines": [63], "summary": {"covered_lines": 1, "num_statements": 1, "percent_covered": 100.0, "percent_covered_display": "100", "missing_lines": 0, "excluded_lines": 0}, "missing_lines": [], "excluded_lines": []}, "is_visible_element": {"executed_lines": [75, 78, 82, 83, 86, 87, 91, 94], "summary": {"covered_lines": 8, "num_statements": 10, "percent_covered": 80.0, "percent_covered_display": "80", "missing_lines": 2, "excluded_lines": 0}, "missing_lines": [79, 92], "excluded_lines": []}, "get_visible_elements": {"executed_lines": [106, 108, 117, 118], "summary": {"covered_lines": 4, "num_statements": 4, "percent_covered": 100.0, "percent_covered_display": "100", "missing_lines": 0, "excluded_lines": 0}, "missing_lines": [], "excluded_lines": []}, "get_visible_elements.traverse": {"executed_lines": [109, 110, 114, 115], "summary": {"covered_lines": 4, "num_statements": 4, "percent_covered": 100.0, "percent_covered_display": "100", "missing_lines": 0, "excluded_lines": 0}, "missing_lines": [], "excluded_lines": []}, "get_visible_text_content": {"executed_lines": [], "summary": {"covered_lines": 0, "num_statements": 9, "percent_covered": 0.0, "percent_covered_display": "0", "missing_lines": 9, "excluded_lines": 0}, "missing_lines": [130, 131, 133, 135, 136, 139, 140, 141, 143], "excluded_lines": []}, "is_visible_attribute": {"executed_lines": [], "summary": {"covered_lines": 0, "num_statements": 8, "percent_covered": 0.0, "percent_covered_display": "0", "missing_lines": 8, "excluded_lines": 0}, "missing_lines": [157, 166, 167, 170, 171, 174, 175, 178], "excluded_lines": []}, "extract_visible_activity_data": {"executed_lines": [], "summary": {"covered_lines": 0, "num_statements": 5, "percent_covered": 0.0, "percent_covered_display": "0", "missing_lines": 5, "excluded_lines": 0}, "missing_lines": [190, 192, 193, 194, 196], "excluded_lines": []}, "": {"executed_lines": [1, 7, 11, 35, 49, 66, 97, 121, 146, 181], "summary": {"covered_lines": 9, "num_statements": 9, "percent_covered": 100.0, "percent_covered_display": "100", "missing_lines": 0, "excluded_lines": 0}, "missing_lines": [], "excluded_lines": []}}, "classes": {"": {"executed_lines": [1, 7, 11, 35, 49, 63, 66, 75, 78, 82, 83, 86, 87, 91, 94, 97, 106, 108, 109, 110, 114, 115, 117, 118, 121, 146, 181], "summary": {"covered_lines": 26, "num_statements": 50, "percent_covered": 52.0, "percent_covered_display": "52", "missing_lines": 24, "excluded_lines": 0}, "missing_lines": [79, 92, 130, 131, 133, 135, 136, 139, 140, 141, 143, 157, 166, 167, 170, 171, 174, 175, 178, 190, 192, 193, 194, 196], "excluded_lines": []}}}}, "totals": {"covered_lines": 3065, "num_statements": 4106, "percent_covered": 74.64685825621042, "percent_covered_display": "75", "missing_lines": 1041, "excluded_lines": 43}}
